<?xml version="1.0" encoding="UTF-8"?>
<!-- Generated by org.testng.reporters.JUnitXMLReporter -->
<testsuite hostname="DESKTOP-G6T0SJ9" ignored="0" name="ScriptChrome" tests="7" failures="0" timestamp="28 ноя 2017 23:42:33 GMT" time="33.002" errors="0">
  <testcase name="authorization" time="4.042" classname="Test.QATestLab4.Script"/>
  <testcase name="katalogProducts" time="7.389" classname="Test.QATestLab4.Script"/>
  <testcase name="makeNewProduct" time="5.97" classname="Test.QATestLab4.Script"/>
  <testcase name="propertiesNewProduct" time="1.259" classname="Test.QATestLab4.Script"/>
  <testcase name="activationAndSave" time="1.142" classname="Test.QATestLab4.Script"/>
  <testcase name="goToMainPage" time="7.193" classname="Test.QATestLab4.Script"/>
  <testcase name="testProduct" time="0.176" classname="Test.QATestLab4.Script"/>
</testsuite> <!-- ScriptChrome -->
