<?xml version="1.0" encoding="UTF-8"?>
<!-- Generated by org.testng.reporters.JUnitXMLReporter -->
<testsuite hostname="DESKTOP-G6T0SJ9" ignored="0" name="ScriptFirefox" tests="7" failures="0" timestamp="28 ноя 2017 23:43:04 GMT" time="31.457" errors="0">
  <testcase name="authorization" time="2.582" classname="Test.QATestLab4.Script"/>
  <testcase name="katalogProducts" time="3.596" classname="Test.QATestLab4.Script"/>
  <testcase name="makeNewProduct" time="6.724" classname="Test.QATestLab4.Script"/>
  <testcase name="propertiesNewProduct" time="0.374" classname="Test.QATestLab4.Script"/>
  <testcase name="activationAndSave" time="2.065" classname="Test.QATestLab4.Script"/>
  <testcase name="goToMainPage" time="6.779" classname="Test.QATestLab4.Script"/>
  <testcase name="testProduct" time="0.189" classname="Test.QATestLab4.Script"/>
</testsuite> <!-- ScriptFirefox -->
