<?xml version="1.0" encoding="UTF-8"?>
<!-- Generated by org.testng.reporters.JUnitXMLReporter -->
<testsuite hostname="DESKTOP-G6T0SJ9" ignored="0" name="ScriptEdge" tests="7" failures="0" timestamp="28 ноя 2017 23:42:00 GMT" time="29.159" errors="0">
  <testcase name="authorization" time="1.222" classname="Test.QATestLab4.Script"/>
  <testcase name="katalogProducts" time="3.984" classname="Test.QATestLab4.Script"/>
  <testcase name="makeNewProduct" time="4.6" classname="Test.QATestLab4.Script"/>
  <testcase name="propertiesNewProduct" time="3.054" classname="Test.QATestLab4.Script"/>
  <testcase name="activationAndSave" time="1.172" classname="Test.QATestLab4.Script"/>
  <testcase name="goToMainPage" time="5.686" classname="Test.QATestLab4.Script"/>
  <testcase name="testProduct" time="3.686" classname="Test.QATestLab4.Script"/>
</testsuite> <!-- ScriptEdge -->
