<?xml version="1.0" encoding="UTF-8"?>
<testsuite xmlns:xsi="http://www.w3.org/2001/XMLSchema-instance" xsi:schemaLocation="https://maven.apache.org/surefire/maven-surefire-plugin/xsd/surefire-test-report.xsd" name="TestSuite" time="94.389" tests="21" errors="0" skipped="0" failures="0">
  <properties>
[...]
</properties>
  <testcase name="authorization" classname="Test.QATestLab4.Script" time="1.227"/>
  <testcase name="authorization" classname="Test.QATestLab4.Script" time="4.041"/>
  <testcase name="authorization" classname="Test.QATestLab4.Script" time="2.581"/>
  <testcase name="katalogProducts" classname="Test.QATestLab4.Script" time="3.985"/>
  <testcase name="katalogProducts" classname="Test.QATestLab4.Script" time="7.392"/>
  <testcase name="katalogProducts" classname="Test.QATestLab4.Script" time="3.598"/>
  <testcase name="makeNewProduct" classname="Test.QATestLab4.Script" time="4.597"/>
  <testcase name="makeNewProduct" classname="Test.QATestLab4.Script" time="5.967"/>
  <testcase name="makeNewProduct" classname="Test.QATestLab4.Script" time="6.723"/>
  <testcase name="propertiesNewProduct" classname="Test.QATestLab4.Script" time="3.053"/>
  <testcase name="propertiesNewProduct" classname="Test.QATestLab4.Script" time="1.262"/>
  <testcase name="propertiesNewProduct" classname="Test.QATestLab4.Script" time="0.373"/>
  <testcase name="activationAndSave" classname="Test.QATestLab4.Script" time="1.172"/>
  <testcase name="activationAndSave" classname="Test.QATestLab4.Script" time="1.141"/>
  <testcase name="activationAndSave" classname="Test.QATestLab4.Script" time="2.065"/>
  <testcase name="goToMainPage" classname="Test.QATestLab4.Script" time="5.691"/>
  <testcase name="goToMainPage" classname="Test.QATestLab4.Script" time="7.192"/>
  <testcase name="goToMainPage" classname="Test.QATestLab4.Script" time="6.778"/>
  <testcase name="testProduct" classname="Test.QATestLab4.Script" time="3.684"/>
  <testcase name="testProduct" classname="Test.QATestLab4.Script" time="0.176"/>
  <testcase name="testProduct" classname="Test.QATestLab4.Script" time="0.188"/>
</testsuite>