<?xml version="1.0" encoding="UTF-8"?>
<testng-results skipped="0" failed="0" ignored="0" total="21" passed="21">
  <reporter-output>
    <line>
      <![CDATA[Before moving to the page: http://prestashop-automation.qatestlab.com.ua/admin147ajyvk0/]]>
    </line>
    <line>
      <![CDATA[After going to the page: http://prestashop-automation.qatestlab.com.ua/admin147ajyvk0/]]>
    </line>
    <line>
      <![CDATA[Before finding the item: By.id: email]]>
    </line>
    <line>
      <![CDATA[After finding the item: By.id: email]]>
    </line>
    <line>
      <![CDATA[Input login.]]>
    </line>
    <line>
      <![CDATA[Before finding the item: By.id: passwd]]>
    </line>
    <line>
      <![CDATA[After finding the item: By.id: passwd]]>
    </line>
    <line>
      <![CDATA[Input password.]]>
    </line>
    <line>
      <![CDATA[Before finding the item: By.name: submitLogin]]>
    </line>
    <line>
      <![CDATA[After finding the item: By.name: submitLogin]]>
    </line>
    <line>
      <![CDATA[Click on button login.]]>
    </line>
    <line>
      <![CDATA[Before clicking on an item: [[EdgeDriver: MicrosoftEdge on WINDOWS (F0583579-1D7A-4797-B434-9AD421EEC78A)] -> name: submitLogin]]]>
    </line>
    <line>
      <![CDATA[After clicking on the item: [[EdgeDriver: MicrosoftEdge on WINDOWS (F0583579-1D7A-4797-B434-9AD421EEC78A)] -> name: submitLogin]]]>
    </line>
    <line>
      <![CDATA[Waiting loading.]]>
    </line>
    <line>
      <![CDATA[Before finding the item: By.xpath: //span[@id='ajax_running']]]>
    </line>
    <line>
      <![CDATA[Before finding the item: By.xpath: //span[@id='ajax_running']]]>
    </line>
    <line>
      <![CDATA[Before finding the item: By.xpath: //span[@id='ajax_running']]]>
    </line>
    <line>
      <![CDATA[Before finding the item: By.xpath: //span[@id='ajax_running']]]>
    </line>
    <line>
      <![CDATA[Before finding the item: By.xpath: //span[@id='ajax_running']]]>
    </line>
    <line>
      <![CDATA[Before finding the item: By.xpath: //span[@id='ajax_running']]]>
    </line>
    <line>
      <![CDATA[Before finding the item: By.xpath: //span[@id='ajax_running']]]>
    </line>
    <line>
      <![CDATA[Before finding the item: By.xpath: //span[@id='ajax_running']]]>
    </line>
    <line>
      <![CDATA[Before finding the item: By.xpath: //span[@id='ajax_running']]]>
    </line>
    <line>
      <![CDATA[Before finding the item: By.xpath: //span[@id='ajax_running']]]>
    </line>
    <line>
      <![CDATA[Before finding the item: By.xpath: //span[@id='ajax_running']]]>
    </line>
    <line>
      <![CDATA[Before finding the item: By.xpath: //span[@id='ajax_running']]]>
    </line>
    <line>
      <![CDATA[Before finding the item: By.xpath: //span[@id='ajax_running']]]>
    </line>
    <line>
      <![CDATA[Before finding the item: By.xpath: //span[@id='ajax_running']]]>
    </line>
    <line>
      <![CDATA[Before finding the item: By.xpath: //span[@id='ajax_running']]]>
    </line>
    <line>
      <![CDATA[Before finding the item: By.xpath: //span[@id='ajax_running']]]>
    </line>
    <line>
      <![CDATA[Before finding the item: By.xpath: //span[@id='ajax_running']]]>
    </line>
    <line>
      <![CDATA[Before finding the item: By.xpath: //span[@id='ajax_running']]]>
    </line>
    <line>
      <![CDATA[Before finding the item: By.xpath: //span[@id='ajax_running']]]>
    </line>
    <line>
      <![CDATA[Before finding the item: By.xpath: //span[@id='ajax_running']]]>
    </line>
    <line>
      <![CDATA[Before finding the item: By.xpath: //span[@id='ajax_running']]]>
    </line>
    <line>
      <![CDATA[Before finding the item: By.xpath: //span[@id='ajax_running']]]>
    </line>
    <line>
      <![CDATA[Before finding the item: By.xpath: //span[@id='ajax_running']]]>
    </line>
    <line>
      <![CDATA[Before finding the item: By.xpath: //span[@id='ajax_running']]]>
    </line>
    <line>
      <![CDATA[Before finding the item: By.xpath: //span[@id='ajax_running']]]>
    </line>
    <line>
      <![CDATA[Before finding the item: By.xpath: //span[@id='ajax_running']]]>
    </line>
    <line>
      <![CDATA[Before finding the item: By.xpath: //span[@id='ajax_running']]]>
    </line>
    <line>
      <![CDATA[Before finding the item: By.xpath: //span[@id='ajax_running']]]>
    </line>
    <line>
      <![CDATA[Before finding the item: By.xpath: //span[@id='ajax_running']]]>
    </line>
    <line>
      <![CDATA[Before finding the item: By.xpath: //span[@id='ajax_running']]]>
    </line>
    <line>
      <![CDATA[Before finding the item: By.xpath: //span[@id='ajax_running']]]>
    </line>
    <line>
      <![CDATA[Before finding the item: By.xpath: //span[@id='ajax_running']]]>
    </line>
    <line>
      <![CDATA[Before finding the item: By.xpath: //span[@id='ajax_running']]]>
    </line>
    <line>
      <![CDATA[Before finding the item: By.xpath: //span[@id='ajax_running']]]>
    </line>
    <line>
      <![CDATA[Before finding the item: By.xpath: //span[@id='ajax_running']]]>
    </line>
    <line>
      <![CDATA[Before finding the item: By.xpath: //span[@id='ajax_running']]]>
    </line>
    <line>
      <![CDATA[Before finding the item: By.xpath: //span[@id='ajax_running']]]>
    </line>
    <line>
      <![CDATA[Before finding the item: By.xpath: //span[@id='ajax_running']]]>
    </line>
    <line>
      <![CDATA[Before finding the item: By.xpath: //span[@id='ajax_running']]]>
    </line>
    <line>
      <![CDATA[Before finding the item: By.xpath: //span[@id='ajax_running']]]>
    </line>
    <line>
      <![CDATA[Before finding the item: By.xpath: //span[@id='ajax_running']]]>
    </line>
    <line>
      <![CDATA[Before finding the item: By.xpath: //span[@id='ajax_running']]]>
    </line>
    <line>
      <![CDATA[Before finding the item: By.xpath: //span[@id='ajax_running']]]>
    </line>
    <line>
      <![CDATA[Before finding the item: By.xpath: //span[@id='ajax_running']]]>
    </line>
    <line>
      <![CDATA[Before finding the item: By.xpath: //span[@id='ajax_running']]]>
    </line>
    <line>
      <![CDATA[Before finding the item: By.xpath: //span[@id='ajax_running']]]>
    </line>
    <line>
      <![CDATA[Before finding the item: By.xpath: //span[@id='ajax_running']]]>
    </line>
    <line>
      <![CDATA[Before finding the item: By.xpath: //span[@id='ajax_running']]]>
    </line>
    <line>
      <![CDATA[Before finding the item: By.xpath: //span[@id='ajax_running']]]>
    </line>
    <line>
      <![CDATA[Before finding the item: By.xpath: //span[@id='ajax_running']]]>
    </line>
    <line>
      <![CDATA[Before finding the item: By.xpath: //span[@id='ajax_running']]]>
    </line>
    <line>
      <![CDATA[Before finding the item: By.xpath: //span[@id='ajax_running']]]>
    </line>
    <line>
      <![CDATA[Before finding the item: By.xpath: //span[@id='ajax_running']]]>
    </line>
    <line>
      <![CDATA[Before finding the item: By.xpath: //span[@id='ajax_running']]]>
    </line>
    <line>
      <![CDATA[Before finding the item: By.xpath: //span[@id='ajax_running']]]>
    </line>
    <line>
      <![CDATA[Before finding the item: By.xpath: //span[@id='ajax_running']]]>
    </line>
    <line>
      <![CDATA[Before finding the item: By.xpath: //span[@id='ajax_running']]]>
    </line>
    <line>
      <![CDATA[Before finding the item: By.xpath: //span[@id='ajax_running']]]>
    </line>
    <line>
      <![CDATA[Before finding the item: By.xpath: //span[@id='ajax_running']]]>
    </line>
    <line>
      <![CDATA[Before finding the item: By.xpath: //span[@id='ajax_running']]]>
    </line>
    <line>
      <![CDATA[Before finding the item: By.xpath: //span[@id='ajax_running']]]>
    </line>
    <line>
      <![CDATA[Before finding the item: By.xpath: //span[@id='ajax_running']]]>
    </line>
    <line>
      <![CDATA[Before finding the item: By.xpath: //span[@id='ajax_running']]]>
    </line>
    <line>
      <![CDATA[Before finding the item: By.xpath: //span[@id='ajax_running']]]>
    </line>
    <line>
      <![CDATA[Before finding the item: By.xpath: //span[@id='ajax_running']]]>
    </line>
    <line>
      <![CDATA[Before finding the item: By.xpath: //span[@id='ajax_running']]]>
    </line>
    <line>
      <![CDATA[Before finding the item: By.xpath: //span[@id='ajax_running']]]>
    </line>
    <line>
      <![CDATA[Before finding the item: By.xpath: //span[@id='ajax_running']]]>
    </line>
    <line>
      <![CDATA[Before finding the item: By.xpath: //span[@id='ajax_running']]]>
    </line>
    <line>
      <![CDATA[Before finding the item: By.xpath: //span[@id='ajax_running']]]>
    </line>
    <line>
      <![CDATA[Before finding the item: By.xpath: //span[@id='ajax_running']]]>
    </line>
    <line>
      <![CDATA[Before finding the item: By.xpath: //span[@id='ajax_running']]]>
    </line>
    <line>
      <![CDATA[Before finding the item: By.xpath: //span[@id='ajax_running']]]>
    </line>
    <line>
      <![CDATA[Before finding the item: By.xpath: //span[@id='ajax_running']]]>
    </line>
    <line>
      <![CDATA[Before finding the item: By.xpath: //span[@id='ajax_running']]]>
    </line>
    <line>
      <![CDATA[Before finding the item: By.xpath: //span[@id='ajax_running']]]>
    </line>
    <line>
      <![CDATA[Before finding the item: By.xpath: //span[@id='ajax_running']]]>
    </line>
    <line>
      <![CDATA[Before finding the item: By.xpath: //span[@id='ajax_running']]]>
    </line>
    <line>
      <![CDATA[Before finding the item: By.xpath: //span[@id='ajax_running']]]>
    </line>
    <line>
      <![CDATA[Before finding the item: By.xpath: //span[@id='ajax_running']]]>
    </line>
    <line>
      <![CDATA[Before finding the item: By.xpath: //span[@id='ajax_running']]]>
    </line>
    <line>
      <![CDATA[Before finding the item: By.xpath: //span[@id='ajax_running']]]>
    </line>
    <line>
      <![CDATA[Before finding the item: By.xpath: //span[@id='ajax_running']]]>
    </line>
    <line>
      <![CDATA[Before finding the item: By.xpath: //span[@id='ajax_running']]]>
    </line>
    <line>
      <![CDATA[Before finding the item: By.xpath: //span[@id='ajax_running']]]>
    </line>
    <line>
      <![CDATA[Before finding the item: By.xpath: //span[@id='ajax_running']]]>
    </line>
    <line>
      <![CDATA[Before finding the item: By.xpath: //span[@id='ajax_running']]]>
    </line>
    <line>
      <![CDATA[Before finding the item: By.xpath: //span[@id='ajax_running']]]>
    </line>
    <line>
      <![CDATA[Before finding the item: By.xpath: //span[@id='ajax_running']]]>
    </line>
    <line>
      <![CDATA[Before finding the item: By.xpath: //span[@id='ajax_running']]]>
    </line>
    <line>
      <![CDATA[Before finding the item: By.xpath: //span[@id='ajax_running']]]>
    </line>
    <line>
      <![CDATA[Before finding the item: By.xpath: //span[@id='ajax_running']]]>
    </line>
    <line>
      <![CDATA[Before finding the item: By.xpath: //span[@id='ajax_running']]]>
    </line>
    <line>
      <![CDATA[Before finding the item: By.xpath: //span[@id='ajax_running']]]>
    </line>
    <line>
      <![CDATA[Before finding the item: By.xpath: //span[@id='ajax_running']]]>
    </line>
    <line>
      <![CDATA[Before finding the item: By.xpath: //span[@id='ajax_running']]]>
    </line>
    <line>
      <![CDATA[Before finding the item: By.xpath: //span[@id='ajax_running']]]>
    </line>
    <line>
      <![CDATA[Before finding the item: By.xpath: //span[@id='ajax_running']]]>
    </line>
    <line>
      <![CDATA[Before finding the item: By.xpath: //span[@id='ajax_running']]]>
    </line>
    <line>
      <![CDATA[Before finding the item: By.xpath: //span[@id='ajax_running']]]>
    </line>
    <line>
      <![CDATA[Before finding the item: By.xpath: //span[@id='ajax_running']]]>
    </line>
    <line>
      <![CDATA[Before finding the item: By.xpath: //span[@id='ajax_running']]]>
    </line>
    <line>
      <![CDATA[Before finding the item: By.xpath: //span[@id='ajax_running']]]>
    </line>
    <line>
      <![CDATA[Before finding the item: By.xpath: //span[@id='ajax_running']]]>
    </line>
    <line>
      <![CDATA[Before finding the item: By.xpath: //span[@id='ajax_running']]]>
    </line>
    <line>
      <![CDATA[Before finding the item: By.xpath: //span[@id='ajax_running']]]>
    </line>
    <line>
      <![CDATA[Before finding the item: By.xpath: //span[@id='ajax_running']]]>
    </line>
    <line>
      <![CDATA[Before finding the item: By.xpath: //span[@id='ajax_running']]]>
    </line>
    <line>
      <![CDATA[Before finding the item: By.xpath: //span[@id='ajax_running']]]>
    </line>
    <line>
      <![CDATA[Before finding the item: By.xpath: //span[@id='ajax_running']]]>
    </line>
    <line>
      <![CDATA[Before finding the item: By.xpath: //span[@id='ajax_running']]]>
    </line>
    <line>
      <![CDATA[Before finding the item: By.xpath: //span[@id='ajax_running']]]>
    </line>
    <line>
      <![CDATA[Before finding the item: By.xpath: //span[@id='ajax_running']]]>
    </line>
    <line>
      <![CDATA[Before finding the item: By.xpath: //span[@id='ajax_running']]]>
    </line>
    <line>
      <![CDATA[Before finding the item: By.xpath: //span[@id='ajax_running']]]>
    </line>
    <line>
      <![CDATA[Before finding the item: By.xpath: //span[@id='ajax_running']]]>
    </line>
    <line>
      <![CDATA[Before finding the item: By.xpath: //span[@id='ajax_running']]]>
    </line>
    <line>
      <![CDATA[Before finding the item: By.xpath: //span[@id='ajax_running']]]>
    </line>
    <line>
      <![CDATA[Before finding the item: By.xpath: //span[@id='ajax_running']]]>
    </line>
    <line>
      <![CDATA[Before finding the item: By.xpath: //span[@id='ajax_running']]]>
    </line>
    <line>
      <![CDATA[Before finding the item: By.xpath: //span[@id='ajax_running']]]>
    </line>
    <line>
      <![CDATA[Before finding the item: By.xpath: //span[@id='ajax_running']]]>
    </line>
    <line>
      <![CDATA[Before finding the item: By.xpath: //span[@id='ajax_running']]]>
    </line>
    <line>
      <![CDATA[Before finding the item: By.xpath: //span[@id='ajax_running']]]>
    </line>
    <line>
      <![CDATA[Before finding the item: By.xpath: //span[@id='ajax_running']]]>
    </line>
    <line>
      <![CDATA[Before finding the item: By.xpath: //span[@id='ajax_running']]]>
    </line>
    <line>
      <![CDATA[Before finding the item: By.xpath: //span[@id='ajax_running']]]>
    </line>
    <line>
      <![CDATA[Before finding the item: By.xpath: //span[@id='ajax_running']]]>
    </line>
    <line>
      <![CDATA[Before finding the item: By.xpath: //span[@id='ajax_running']]]>
    </line>
    <line>
      <![CDATA[Before finding the item: By.xpath: //span[@id='ajax_running']]]>
    </line>
    <line>
      <![CDATA[Before finding the item: By.xpath: //span[@id='ajax_running']]]>
    </line>
    <line>
      <![CDATA[Before finding the item: By.xpath: //span[@id='ajax_running']]]>
    </line>
    <line>
      <![CDATA[Before finding the item: By.xpath: //span[@id='ajax_running']]]>
    </line>
    <line>
      <![CDATA[Before finding the item: By.xpath: //span[@id='ajax_running']]]>
    </line>
    <line>
      <![CDATA[Before finding the item: By.xpath: //span[@id='ajax_running']]]>
    </line>
    <line>
      <![CDATA[Before finding the item: By.xpath: //span[@id='ajax_running']]]>
    </line>
    <line>
      <![CDATA[Before finding the item: By.xpath: //span[@id='ajax_running']]]>
    </line>
    <line>
      <![CDATA[Before finding the item: By.xpath: //span[@id='ajax_running']]]>
    </line>
    <line>
      <![CDATA[Before finding the item: By.xpath: //span[@id='ajax_running']]]>
    </line>
    <line>
      <![CDATA[Before finding the item: By.xpath: //span[@id='ajax_running']]]>
    </line>
    <line>
      <![CDATA[Before finding the item: By.xpath: //span[@id='ajax_running']]]>
    </line>
    <line>
      <![CDATA[Before finding the item: By.xpath: //span[@id='ajax_running']]]>
    </line>
    <line>
      <![CDATA[Before finding the item: By.xpath: //span[@id='ajax_running']]]>
    </line>
    <line>
      <![CDATA[Before finding the item: By.xpath: //span[@id='ajax_running']]]>
    </line>
    <line>
      <![CDATA[Before finding the item: By.xpath: //span[@id='ajax_running']]]>
    </line>
    <line>
      <![CDATA[Before finding the item: By.xpath: //span[@id='ajax_running']]]>
    </line>
    <line>
      <![CDATA[Before finding the item: By.xpath: //span[@id='ajax_running']]]>
    </line>
    <line>
      <![CDATA[Before finding the item: By.xpath: //span[@id='ajax_running']]]>
    </line>
    <line>
      <![CDATA[Before finding the item: By.xpath: //span[@id='ajax_running']]]>
    </line>
    <line>
      <![CDATA[Before finding the item: By.xpath: //span[@id='ajax_running']]]>
    </line>
    <line>
      <![CDATA[Before finding the item: By.xpath: //span[@id='ajax_running']]]>
    </line>
    <line>
      <![CDATA[Before finding the item: By.xpath: //span[@id='ajax_running']]]>
    </line>
    <line>
      <![CDATA[Before finding the item: By.xpath: //span[@id='ajax_running']]]>
    </line>
    <line>
      <![CDATA[Before finding the item: By.xpath: //span[@id='ajax_running']]]>
    </line>
    <line>
      <![CDATA[Before finding the item: By.xpath: //span[@id='ajax_running']]]>
    </line>
    <line>
      <![CDATA[Before finding the item: By.xpath: //span[@id='ajax_running']]]>
    </line>
    <line>
      <![CDATA[Before finding the item: By.xpath: //span[@id='ajax_running']]]>
    </line>
    <line>
      <![CDATA[Before finding the item: By.xpath: //span[@id='ajax_running']]]>
    </line>
    <line>
      <![CDATA[Before finding the item: By.xpath: //span[@id='ajax_running']]]>
    </line>
    <line>
      <![CDATA[Before finding the item: By.xpath: //span[@id='ajax_running']]]>
    </line>
    <line>
      <![CDATA[Before finding the item: By.xpath: //span[@id='ajax_running']]]>
    </line>
    <line>
      <![CDATA[Before finding the item: By.xpath: //span[@id='ajax_running']]]>
    </line>
    <line>
      <![CDATA[Before finding the item: By.xpath: //span[@id='ajax_running']]]>
    </line>
    <line>
      <![CDATA[Before finding the item: By.xpath: //span[@id='ajax_running']]]>
    </line>
    <line>
      <![CDATA[Before finding the item: By.xpath: //span[@id='ajax_running']]]>
    </line>
    <line>
      <![CDATA[Before finding the item: By.xpath: //span[@id='ajax_running']]]>
    </line>
    <line>
      <![CDATA[Before finding the item: By.xpath: //span[@id='ajax_running']]]>
    </line>
    <line>
      <![CDATA[Before finding the item: By.xpath: //span[@id='ajax_running']]]>
    </line>
    <line>
      <![CDATA[Before finding the item: By.xpath: //span[@id='ajax_running']]]>
    </line>
    <line>
      <![CDATA[Before finding the item: By.xpath: //span[@id='ajax_running']]]>
    </line>
    <line>
      <![CDATA[Before finding the item: By.xpath: //span[@id='ajax_running']]]>
    </line>
    <line>
      <![CDATA[Before finding the item: By.xpath: //span[@id='ajax_running']]]>
    </line>
    <line>
      <![CDATA[Before finding the item: By.xpath: //span[@id='ajax_running']]]>
    </line>
    <line>
      <![CDATA[Before finding the item: By.xpath: //span[@id='ajax_running']]]>
    </line>
    <line>
      <![CDATA[Before finding the item: By.xpath: //span[@id='ajax_running']]]>
    </line>
    <line>
      <![CDATA[Before finding the item: By.xpath: //span[@id='ajax_running']]]>
    </line>
    <line>
      <![CDATA[Before finding the item: By.xpath: //span[@id='ajax_running']]]>
    </line>
    <line>
      <![CDATA[Before finding the item: By.xpath: //span[@id='ajax_running']]]>
    </line>
    <line>
      <![CDATA[Before finding the item: By.xpath: //span[@id='ajax_running']]]>
    </line>
    <line>
      <![CDATA[Before finding the item: By.xpath: //span[@id='ajax_running']]]>
    </line>
    <line>
      <![CDATA[Before finding the item: By.xpath: //span[@id='ajax_running']]]>
    </line>
    <line>
      <![CDATA[Before finding the item: By.xpath: //span[@id='ajax_running']]]>
    </line>
    <line>
      <![CDATA[Before finding the item: By.xpath: //span[@id='ajax_running']]]>
    </line>
    <line>
      <![CDATA[Before finding the item: By.xpath: //span[@id='ajax_running']]]>
    </line>
    <line>
      <![CDATA[Before finding the item: By.xpath: //span[@id='ajax_running']]]>
    </line>
    <line>
      <![CDATA[Before finding the item: By.xpath: //span[@id='ajax_running']]]>
    </line>
    <line>
      <![CDATA[Before finding the item: By.xpath: //span[@id='ajax_running']]]>
    </line>
    <line>
      <![CDATA[Before finding the item: By.xpath: //span[@id='ajax_running']]]>
    </line>
    <line>
      <![CDATA[Before finding the item: By.xpath: //span[@id='ajax_running']]]>
    </line>
    <line>
      <![CDATA[Before finding the item: By.xpath: //span[@id='ajax_running']]]>
    </line>
    <line>
      <![CDATA[Before finding the item: By.xpath: //span[@id='ajax_running']]]>
    </line>
    <line>
      <![CDATA[Before finding the item: By.xpath: //span[@id='ajax_running']]]>
    </line>
    <line>
      <![CDATA[Before finding the item: By.xpath: //span[@id='ajax_running']]]>
    </line>
    <line>
      <![CDATA[Before finding the item: By.xpath: //span[@id='ajax_running']]]>
    </line>
    <line>
      <![CDATA[Before finding the item: By.xpath: //span[@id='ajax_running']]]>
    </line>
    <line>
      <![CDATA[Before finding the item: By.xpath: //span[@id='ajax_running']]]>
    </line>
    <line>
      <![CDATA[Before finding the item: By.xpath: //span[@id='ajax_running']]]>
    </line>
    <line>
      <![CDATA[Before finding the item: By.xpath: //span[@id='ajax_running']]]>
    </line>
    <line>
      <![CDATA[Before finding the item: By.xpath: //span[@id='ajax_running']]]>
    </line>
    <line>
      <![CDATA[Before finding the item: By.xpath: //span[@id='ajax_running']]]>
    </line>
    <line>
      <![CDATA[Before finding the item: By.xpath: //span[@id='ajax_running']]]>
    </line>
    <line>
      <![CDATA[Before finding the item: By.xpath: //span[@id='ajax_running']]]>
    </line>
    <line>
      <![CDATA[Before finding the item: By.xpath: //span[@id='ajax_running']]]>
    </line>
    <line>
      <![CDATA[Before finding the item: By.xpath: //span[@id='ajax_running']]]>
    </line>
    <line>
      <![CDATA[Before finding the item: By.xpath: //span[@id='ajax_running']]]>
    </line>
    <line>
      <![CDATA[Before finding the item: By.xpath: //span[@id='ajax_running']]]>
    </line>
    <line>
      <![CDATA[Before finding the item: By.xpath: //span[@id='ajax_running']]]>
    </line>
    <line>
      <![CDATA[Before finding the item: By.xpath: //span[@id='ajax_running']]]>
    </line>
    <line>
      <![CDATA[Before finding the item: By.xpath: //span[@id='ajax_running']]]>
    </line>
    <line>
      <![CDATA[Before finding the item: By.xpath: //span[@id='ajax_running']]]>
    </line>
    <line>
      <![CDATA[Before finding the item: By.xpath: //span[@id='ajax_running']]]>
    </line>
    <line>
      <![CDATA[Before finding the item: By.xpath: //span[@id='ajax_running']]]>
    </line>
    <line>
      <![CDATA[Before finding the item: By.xpath: //span[@id='ajax_running']]]>
    </line>
    <line>
      <![CDATA[Before finding the item: By.xpath: //span[@id='ajax_running']]]>
    </line>
    <line>
      <![CDATA[Before finding the item: By.xpath: //span[@id='ajax_running']]]>
    </line>
    <line>
      <![CDATA[Before finding the item: By.xpath: //span[@id='ajax_running']]]>
    </line>
    <line>
      <![CDATA[Before finding the item: By.xpath: //span[@id='ajax_running']]]>
    </line>
    <line>
      <![CDATA[Before finding the item: By.xpath: //span[@id='ajax_running']]]>
    </line>
    <line>
      <![CDATA[Before finding the item: By.xpath: //span[@id='ajax_running']]]>
    </line>
    <line>
      <![CDATA[Before finding the item: By.xpath: //span[@id='ajax_running']]]>
    </line>
    <line>
      <![CDATA[Before finding the item: By.xpath: //span[@id='ajax_running']]]>
    </line>
    <line>
      <![CDATA[Before finding the item: By.xpath: //span[@id='ajax_running']]]>
    </line>
    <line>
      <![CDATA[Before finding the item: By.xpath: //span[@id='ajax_running']]]>
    </line>
    <line>
      <![CDATA[Before finding the item: By.xpath: //span[@id='ajax_running']]]>
    </line>
    <line>
      <![CDATA[Before finding the item: By.xpath: //span[@id='ajax_running']]]>
    </line>
    <line>
      <![CDATA[Before finding the item: By.xpath: //span[@id='ajax_running']]]>
    </line>
    <line>
      <![CDATA[Before finding the item: By.xpath: //span[@id='ajax_running']]]>
    </line>
    <line>
      <![CDATA[Before finding the item: By.xpath: //span[@id='ajax_running']]]>
    </line>
    <line>
      <![CDATA[Before finding the item: By.xpath: //span[@id='ajax_running']]]>
    </line>
    <line>
      <![CDATA[Before finding the item: By.xpath: //span[@id='ajax_running']]]>
    </line>
    <line>
      <![CDATA[Before finding the item: By.xpath: //span[@id='ajax_running']]]>
    </line>
    <line>
      <![CDATA[Before finding the item: By.xpath: //span[@id='ajax_running']]]>
    </line>
    <line>
      <![CDATA[Before finding the item: By.xpath: //span[@id='ajax_running']]]>
    </line>
    <line>
      <![CDATA[Before finding the item: By.xpath: //span[@id='ajax_running']]]>
    </line>
    <line>
      <![CDATA[Before finding the item: By.xpath: //span[@id='ajax_running']]]>
    </line>
    <line>
      <![CDATA[Before finding the item: By.xpath: //span[@id='ajax_running']]]>
    </line>
    <line>
      <![CDATA[Before finding the item: By.xpath: //span[@id='ajax_running']]]>
    </line>
    <line>
      <![CDATA[Before finding the item: By.xpath: //span[@id='ajax_running']]]>
    </line>
    <line>
      <![CDATA[Before finding the item: By.xpath: //span[@id='ajax_running']]]>
    </line>
    <line>
      <![CDATA[Before finding the item: By.xpath: //span[@id='ajax_running']]]>
    </line>
    <line>
      <![CDATA[Before finding the item: By.xpath: //span[@id='ajax_running']]]>
    </line>
    <line>
      <![CDATA[Before finding the item: By.xpath: //span[@id='ajax_running']]]>
    </line>
    <line>
      <![CDATA[Before finding the item: By.xpath: //span[@id='ajax_running']]]>
    </line>
    <line>
      <![CDATA[Before finding the item: By.xpath: //span[@id='ajax_running']]]>
    </line>
    <line>
      <![CDATA[Before finding the item: By.xpath: //span[@id='ajax_running']]]>
    </line>
    <line>
      <![CDATA[Before finding the item: By.xpath: //span[@id='ajax_running']]]>
    </line>
    <line>
      <![CDATA[Before finding the item: By.xpath: //span[@id='ajax_running']]]>
    </line>
    <line>
      <![CDATA[Before finding the item: By.xpath: //span[@id='ajax_running']]]>
    </line>
    <line>
      <![CDATA[Before finding the item: By.xpath: //span[@id='ajax_running']]]>
    </line>
    <line>
      <![CDATA[Before finding the item: By.xpath: //span[@id='ajax_running']]]>
    </line>
    <line>
      <![CDATA[Before finding the item: By.xpath: //span[@id='ajax_running']]]>
    </line>
    <line>
      <![CDATA[Before finding the item: By.xpath: //span[@id='ajax_running']]]>
    </line>
    <line>
      <![CDATA[Before finding the item: By.xpath: //span[@id='ajax_running']]]>
    </line>
    <line>
      <![CDATA[Before finding the item: By.xpath: //span[@id='ajax_running']]]>
    </line>
    <line>
      <![CDATA[Before finding the item: By.xpath: //span[@id='ajax_running']]]>
    </line>
    <line>
      <![CDATA[Before finding the item: By.xpath: //span[@id='ajax_running']]]>
    </line>
    <line>
      <![CDATA[Before finding the item: By.xpath: //span[@id='ajax_running']]]>
    </line>
    <line>
      <![CDATA[Before finding the item: By.xpath: //span[@id='ajax_running']]]>
    </line>
    <line>
      <![CDATA[Before finding the item: By.xpath: //span[@id='ajax_running']]]>
    </line>
    <line>
      <![CDATA[Before finding the item: By.xpath: //span[@id='ajax_running']]]>
    </line>
    <line>
      <![CDATA[Before finding the item: By.xpath: //span[@id='ajax_running']]]>
    </line>
    <line>
      <![CDATA[Before finding the item: By.xpath: //span[@id='ajax_running']]]>
    </line>
    <line>
      <![CDATA[Before finding the item: By.xpath: //span[@id='ajax_running']]]>
    </line>
    <line>
      <![CDATA[Before finding the item: By.xpath: //span[@id='ajax_running']]]>
    </line>
    <line>
      <![CDATA[Before finding the item: By.xpath: //span[@id='ajax_running']]]>
    </line>
    <line>
      <![CDATA[Before finding the item: By.xpath: //span[@id='ajax_running']]]>
    </line>
    <line>
      <![CDATA[Before finding the item: By.xpath: //span[@id='ajax_running']]]>
    </line>
    <line>
      <![CDATA[Before finding the item: By.xpath: //span[@id='ajax_running']]]>
    </line>
    <line>
      <![CDATA[Before finding the item: By.xpath: //span[@id='ajax_running']]]>
    </line>
    <line>
      <![CDATA[Before finding the item: By.xpath: //span[@id='ajax_running']]]>
    </line>
    <line>
      <![CDATA[Before finding the item: By.xpath: //span[@id='ajax_running']]]>
    </line>
    <line>
      <![CDATA[Before finding the item: By.xpath: //span[@id='ajax_running']]]>
    </line>
    <line>
      <![CDATA[Before finding the item: By.xpath: //span[@id='ajax_running']]]>
    </line>
    <line>
      <![CDATA[Before finding the item: By.xpath: //span[@id='ajax_running']]]>
    </line>
    <line>
      <![CDATA[Before finding the item: By.xpath: //span[@id='ajax_running']]]>
    </line>
    <line>
      <![CDATA[Before finding the item: By.xpath: //span[@id='ajax_running']]]>
    </line>
    <line>
      <![CDATA[Before finding the item: By.xpath: //span[@id='ajax_running']]]>
    </line>
    <line>
      <![CDATA[Before finding the item: By.xpath: //span[@id='ajax_running']]]>
    </line>
    <line>
      <![CDATA[Before finding the item: By.xpath: //span[@id='ajax_running']]]>
    </line>
    <line>
      <![CDATA[Before finding the item: By.xpath: //span[@id='ajax_running']]]>
    </line>
    <line>
      <![CDATA[Before finding the item: By.xpath: //span[@id='ajax_running']]]>
    </line>
    <line>
      <![CDATA[Before finding the item: By.xpath: //span[@id='ajax_running']]]>
    </line>
    <line>
      <![CDATA[Before finding the item: By.xpath: //span[@id='ajax_running']]]>
    </line>
    <line>
      <![CDATA[Before finding the item: By.xpath: //span[@id='ajax_running']]]>
    </line>
    <line>
      <![CDATA[Before finding the item: By.xpath: //span[@id='ajax_running']]]>
    </line>
    <line>
      <![CDATA[Before finding the item: By.xpath: //span[@id='ajax_running']]]>
    </line>
    <line>
      <![CDATA[Before finding the item: By.xpath: //span[@id='ajax_running']]]>
    </line>
    <line>
      <![CDATA[Before finding the item: By.xpath: //span[@id='ajax_running']]]>
    </line>
    <line>
      <![CDATA[Before finding the item: By.xpath: //span[@id='ajax_running']]]>
    </line>
    <line>
      <![CDATA[Before finding the item: By.xpath: //span[@id='ajax_running']]]>
    </line>
    <line>
      <![CDATA[Before finding the item: By.xpath: //span[@id='ajax_running']]]>
    </line>
    <line>
      <![CDATA[Before finding the item: By.xpath: //span[@id='ajax_running']]]>
    </line>
    <line>
      <![CDATA[Before finding the item: By.xpath: //span[@id='ajax_running']]]>
    </line>
    <line>
      <![CDATA[Before finding the item: By.xpath: //span[@id='ajax_running']]]>
    </line>
    <line>
      <![CDATA[Before finding the item: By.xpath: //span[@id='ajax_running']]]>
    </line>
    <line>
      <![CDATA[Before finding the item: By.xpath: //span[@id='ajax_running']]]>
    </line>
    <line>
      <![CDATA[Before finding the item: By.xpath: //span[@id='ajax_running']]]>
    </line>
    <line>
      <![CDATA[Before finding the item: By.xpath: //span[@id='ajax_running']]]>
    </line>
    <line>
      <![CDATA[Before finding the item: By.xpath: //span[@id='ajax_running']]]>
    </line>
    <line>
      <![CDATA[Before finding the item: By.xpath: //span[@id='ajax_running']]]>
    </line>
    <line>
      <![CDATA[Before finding the item: By.xpath: //span[@id='ajax_running']]]>
    </line>
    <line>
      <![CDATA[Before finding the item: By.xpath: //span[@id='ajax_running']]]>
    </line>
    <line>
      <![CDATA[Before finding the item: By.xpath: //span[@id='ajax_running']]]>
    </line>
    <line>
      <![CDATA[Before finding the item: By.xpath: //span[@id='ajax_running']]]>
    </line>
    <line>
      <![CDATA[Before finding the item: By.xpath: //span[@id='ajax_running']]]>
    </line>
    <line>
      <![CDATA[Before finding the item: By.xpath: //span[@id='ajax_running']]]>
    </line>
    <line>
      <![CDATA[Before finding the item: By.xpath: //span[@id='ajax_running']]]>
    </line>
    <line>
      <![CDATA[Before finding the item: By.xpath: //span[@id='ajax_running']]]>
    </line>
    <line>
      <![CDATA[Before finding the item: By.xpath: //span[@id='ajax_running']]]>
    </line>
    <line>
      <![CDATA[Before finding the item: By.xpath: //span[@id='ajax_running']]]>
    </line>
    <line>
      <![CDATA[Before finding the item: By.xpath: //span[@id='ajax_running']]]>
    </line>
    <line>
      <![CDATA[Before finding the item: By.xpath: //span[@id='ajax_running']]]>
    </line>
    <line>
      <![CDATA[Before finding the item: By.xpath: //span[@id='ajax_running']]]>
    </line>
    <line>
      <![CDATA[Before finding the item: By.xpath: //span[@id='ajax_running']]]>
    </line>
    <line>
      <![CDATA[Before finding the item: By.xpath: //span[@id='ajax_running']]]>
    </line>
    <line>
      <![CDATA[Before finding the item: By.xpath: //span[@id='ajax_running']]]>
    </line>
    <line>
      <![CDATA[After finding the item: By.xpath: //span[@id='ajax_running']]]>
    </line>
    <line>
      <![CDATA[Before finding the item: By.xpath: //span[@id='ajax_running']]]>
    </line>
    <line>
      <![CDATA[After finding the item: By.xpath: //span[@id='ajax_running']]]>
    </line>
    <line>
      <![CDATA[Before finding the item: By.xpath: //span[@id='ajax_running']]]>
    </line>
    <line>
      <![CDATA[After finding the item: By.xpath: //span[@id='ajax_running']]]>
    </line>
    <line>
      <![CDATA[Before finding the item: By.xpath: //span[@id='ajax_running']]]>
    </line>
    <line>
      <![CDATA[After finding the item: By.xpath: //span[@id='ajax_running']]]>
    </line>
    <line>
      <![CDATA[Before finding the item: By.xpath: //span[@id='ajax_running']]]>
    </line>
    <line>
      <![CDATA[After finding the item: By.xpath: //span[@id='ajax_running']]]>
    </line>
    <line>
      <![CDATA[Before finding the item: By.xpath: //span[@id='ajax_running']]]>
    </line>
    <line>
      <![CDATA[After finding the item: By.xpath: //span[@id='ajax_running']]]>
    </line>
    <line>
      <![CDATA[Before finding the item: By.xpath: //span[@id='ajax_running']]]>
    </line>
    <line>
      <![CDATA[After finding the item: By.xpath: //span[@id='ajax_running']]]>
    </line>
    <line>
      <![CDATA[Before finding the item: By.xpath: //span[@id='ajax_running']]]>
    </line>
    <line>
      <![CDATA[After finding the item: By.xpath: //span[@id='ajax_running']]]>
    </line>
    <line>
      <![CDATA[Before finding the item: By.xpath: //span[@id='ajax_running']]]>
    </line>
    <line>
      <![CDATA[After finding the item: By.xpath: //span[@id='ajax_running']]]>
    </line>
    <line>
      <![CDATA[Before finding the item: By.xpath: //span[@id='ajax_running']]]>
    </line>
    <line>
      <![CDATA[After finding the item: By.xpath: //span[@id='ajax_running']]]>
    </line>
    <line>
      <![CDATA[Before finding the item: By.xpath: //span[@id='ajax_running']]]>
    </line>
    <line>
      <![CDATA[After finding the item: By.xpath: //span[@id='ajax_running']]]>
    </line>
    <line>
      <![CDATA[Before finding the item: By.xpath: //span[@id='ajax_running']]]>
    </line>
    <line>
      <![CDATA[After finding the item: By.xpath: //span[@id='ajax_running']]]>
    </line>
    <line>
      <![CDATA[Before finding the item: By.xpath: //span[@id='ajax_running']]]>
    </line>
    <line>
      <![CDATA[After finding the item: By.xpath: //span[@id='ajax_running']]]>
    </line>
    <line>
      <![CDATA[Before finding the item: By.xpath: //span[@id='ajax_running']]]>
    </line>
    <line>
      <![CDATA[After finding the item: By.xpath: //span[@id='ajax_running']]]>
    </line>
    <line>
      <![CDATA[Before finding the item: By.xpath: //span[@id='ajax_running']]]>
    </line>
    <line>
      <![CDATA[After finding the item: By.xpath: //span[@id='ajax_running']]]>
    </line>
    <line>
      <![CDATA[Before finding the item: By.xpath: //span[@id='ajax_running']]]>
    </line>
    <line>
      <![CDATA[After finding the item: By.xpath: //span[@id='ajax_running']]]>
    </line>
    <line>
      <![CDATA[Before finding the item: By.xpath: //span[@id='ajax_running']]]>
    </line>
    <line>
      <![CDATA[After finding the item: By.xpath: //span[@id='ajax_running']]]>
    </line>
    <line>
      <![CDATA[Before finding the item: By.xpath: //span[@id='ajax_running']]]>
    </line>
    <line>
      <![CDATA[After finding the item: By.xpath: //span[@id='ajax_running']]]>
    </line>
    <line>
      <![CDATA[Before finding the item: By.xpath: //span[@id='ajax_running']]]>
    </line>
    <line>
      <![CDATA[After finding the item: By.xpath: //span[@id='ajax_running']]]>
    </line>
    <line>
      <![CDATA[Before finding the item: By.xpath: //span[@id='ajax_running']]]>
    </line>
    <line>
      <![CDATA[After finding the item: By.xpath: //span[@id='ajax_running']]]>
    </line>
    <line>
      <![CDATA[Before finding the item: By.xpath: //span[@id='ajax_running']]]>
    </line>
    <line>
      <![CDATA[After finding the item: By.xpath: //span[@id='ajax_running']]]>
    </line>
    <line>
      <![CDATA[Before finding the item: By.xpath: //span[@id='ajax_running']]]>
    </line>
    <line>
      <![CDATA[After finding the item: By.xpath: //span[@id='ajax_running']]]>
    </line>
    <line>
      <![CDATA[Before finding the item: By.xpath: //span[@id='ajax_running']]]>
    </line>
    <line>
      <![CDATA[After finding the item: By.xpath: //span[@id='ajax_running']]]>
    </line>
    <line>
      <![CDATA[Before finding the item: By.xpath: //span[@id='ajax_running']]]>
    </line>
    <line>
      <![CDATA[After finding the item: By.xpath: //span[@id='ajax_running']]]>
    </line>
    <line>
      <![CDATA[Before finding the item: By.xpath: //span[@id='ajax_running']]]>
    </line>
    <line>
      <![CDATA[After finding the item: By.xpath: //span[@id='ajax_running']]]>
    </line>
    <line>
      <![CDATA[Before finding the item: By.xpath: //span[@id='ajax_running']]]>
    </line>
    <line>
      <![CDATA[After finding the item: By.xpath: //span[@id='ajax_running']]]>
    </line>
    <line>
      <![CDATA[Before finding the item: By.xpath: //span[@id='ajax_running']]]>
    </line>
    <line>
      <![CDATA[After finding the item: By.xpath: //span[@id='ajax_running']]]>
    </line>
    <line>
      <![CDATA[Before finding the item: By.xpath: //span[@id='ajax_running']]]>
    </line>
    <line>
      <![CDATA[After finding the item: By.xpath: //span[@id='ajax_running']]]>
    </line>
    <line>
      <![CDATA[Before finding the item: By.xpath: //span[@id='ajax_running']]]>
    </line>
    <line>
      <![CDATA[After finding the item: By.xpath: //span[@id='ajax_running']]]>
    </line>
    <line>
      <![CDATA[Before finding the item: By.xpath: //span[@id='ajax_running']]]>
    </line>
    <line>
      <![CDATA[After finding the item: By.xpath: //span[@id='ajax_running']]]>
    </line>
    <line>
      <![CDATA[Before finding the item: By.xpath: //span[@id='ajax_running']]]>
    </line>
    <line>
      <![CDATA[After finding the item: By.xpath: //span[@id='ajax_running']]]>
    </line>
    <line>
      <![CDATA[Before finding the item: By.xpath: //span[@id='ajax_running']]]>
    </line>
    <line>
      <![CDATA[After finding the item: By.xpath: //span[@id='ajax_running']]]>
    </line>
    <line>
      <![CDATA[Before finding the item: By.xpath: //span[@id='ajax_running']]]>
    </line>
    <line>
      <![CDATA[After finding the item: By.xpath: //span[@id='ajax_running']]]>
    </line>
    <line>
      <![CDATA[Before finding the item: By.xpath: //span[@id='ajax_running']]]>
    </line>
    <line>
      <![CDATA[After finding the item: By.xpath: //span[@id='ajax_running']]]>
    </line>
    <line>
      <![CDATA[Before finding the item: By.xpath: //span[@id='ajax_running']]]>
    </line>
    <line>
      <![CDATA[After finding the item: By.xpath: //span[@id='ajax_running']]]>
    </line>
    <line>
      <![CDATA[Before finding the item: By.xpath: //span[@id='ajax_running']]]>
    </line>
    <line>
      <![CDATA[After finding the item: By.xpath: //span[@id='ajax_running']]]>
    </line>
    <line>
      <![CDATA[Before finding the item: By.xpath: //span[@id='ajax_running']]]>
    </line>
    <line>
      <![CDATA[After finding the item: By.xpath: //span[@id='ajax_running']]]>
    </line>
    <line>
      <![CDATA[Before finding the item: By.xpath: //span[@id='ajax_running']]]>
    </line>
    <line>
      <![CDATA[After finding the item: By.xpath: //span[@id='ajax_running']]]>
    </line>
    <line>
      <![CDATA[Before finding the item: By.xpath: //span[@id='ajax_running']]]>
    </line>
    <line>
      <![CDATA[After finding the item: By.xpath: //span[@id='ajax_running']]]>
    </line>
    <line>
      <![CDATA[Before finding the item: By.xpath: //span[@id='ajax_running']]]>
    </line>
    <line>
      <![CDATA[After finding the item: By.xpath: //span[@id='ajax_running']]]>
    </line>
    <line>
      <![CDATA[Before finding the item: By.xpath: //span[@id='ajax_running']]]>
    </line>
    <line>
      <![CDATA[After finding the item: By.xpath: //span[@id='ajax_running']]]>
    </line>
    <line>
      <![CDATA[Before finding the item: By.xpath: //span[@id='ajax_running']]]>
    </line>
    <line>
      <![CDATA[After finding the item: By.xpath: //span[@id='ajax_running']]]>
    </line>
    <line>
      <![CDATA[Before finding the item: By.xpath: //span[@id='ajax_running']]]>
    </line>
    <line>
      <![CDATA[After finding the item: By.xpath: //span[@id='ajax_running']]]>
    </line>
    <line>
      <![CDATA[Before finding the item: By.xpath: //span[@id='ajax_running']]]>
    </line>
    <line>
      <![CDATA[After finding the item: By.xpath: //span[@id='ajax_running']]]>
    </line>
    <line>
      <![CDATA[Before finding the item: By.xpath: //span[@id='ajax_running']]]>
    </line>
    <line>
      <![CDATA[After finding the item: By.xpath: //span[@id='ajax_running']]]>
    </line>
    <line>
      <![CDATA[Before finding the item: By.xpath: //span[@id='ajax_running']]]>
    </line>
    <line>
      <![CDATA[After finding the item: By.xpath: //span[@id='ajax_running']]]>
    </line>
    <line>
      <![CDATA[Before finding the item: By.xpath: //span[@id='ajax_running']]]>
    </line>
    <line>
      <![CDATA[After finding the item: By.xpath: //span[@id='ajax_running']]]>
    </line>
    <line>
      <![CDATA[Before finding the item: By.xpath: //span[@id='ajax_running']]]>
    </line>
    <line>
      <![CDATA[After finding the item: By.xpath: //span[@id='ajax_running']]]>
    </line>
    <line>
      <![CDATA[Before finding the item: By.xpath: //span[@id='ajax_running']]]>
    </line>
    <line>
      <![CDATA[After finding the item: By.xpath: //span[@id='ajax_running']]]>
    </line>
    <line>
      <![CDATA[Before finding the item: By.xpath: //span[@id='ajax_running']]]>
    </line>
    <line>
      <![CDATA[After finding the item: By.xpath: //span[@id='ajax_running']]]>
    </line>
    <line>
      <![CDATA[Before finding the item: By.xpath: //span[@id='ajax_running']]]>
    </line>
    <line>
      <![CDATA[After finding the item: By.xpath: //span[@id='ajax_running']]]>
    </line>
    <line>
      <![CDATA[Before finding the item: By.xpath: //span[@id='ajax_running']]]>
    </line>
    <line>
      <![CDATA[After finding the item: By.xpath: //span[@id='ajax_running']]]>
    </line>
    <line>
      <![CDATA[Before finding the item: By.xpath: //span[@id='ajax_running']]]>
    </line>
    <line>
      <![CDATA[After finding the item: By.xpath: //span[@id='ajax_running']]]>
    </line>
    <line>
      <![CDATA[Before finding the item: By.xpath: //span[@id='ajax_running']]]>
    </line>
    <line>
      <![CDATA[After finding the item: By.xpath: //span[@id='ajax_running']]]>
    </line>
    <line>
      <![CDATA[Before finding the item: By.xpath: //span[@id='ajax_running']]]>
    </line>
    <line>
      <![CDATA[After finding the item: By.xpath: //span[@id='ajax_running']]]>
    </line>
    <line>
      <![CDATA[Before finding the item: By.xpath: //span[@id='ajax_running']]]>
    </line>
    <line>
      <![CDATA[After finding the item: By.xpath: //span[@id='ajax_running']]]>
    </line>
    <line>
      <![CDATA[Before finding the item: By.xpath: //span[@id='ajax_running']]]>
    </line>
    <line>
      <![CDATA[After finding the item: By.xpath: //span[@id='ajax_running']]]>
    </line>
    <line>
      <![CDATA[Before finding the item: By.xpath: //span[@id='ajax_running']]]>
    </line>
    <line>
      <![CDATA[After finding the item: By.xpath: //span[@id='ajax_running']]]>
    </line>
    <line>
      <![CDATA[Before finding the item: By.xpath: //span[@id='ajax_running']]]>
    </line>
    <line>
      <![CDATA[After finding the item: By.xpath: //span[@id='ajax_running']]]>
    </line>
    <line>
      <![CDATA[Before finding the item: By.xpath: //span[@id='ajax_running']]]>
    </line>
    <line>
      <![CDATA[After finding the item: By.xpath: //span[@id='ajax_running']]]>
    </line>
    <line>
      <![CDATA[Before finding the item: By.xpath: //span[@id='ajax_running']]]>
    </line>
    <line>
      <![CDATA[After finding the item: By.xpath: //span[@id='ajax_running']]]>
    </line>
    <line>
      <![CDATA[Before finding the item: By.xpath: //span[@id='ajax_running']]]>
    </line>
    <line>
      <![CDATA[After finding the item: By.xpath: //span[@id='ajax_running']]]>
    </line>
    <line>
      <![CDATA[Before finding the item: By.xpath: //span[@id='ajax_running']]]>
    </line>
    <line>
      <![CDATA[After finding the item: By.xpath: //span[@id='ajax_running']]]>
    </line>
    <line>
      <![CDATA[Before finding the item: By.xpath: //span[@id='ajax_running']]]>
    </line>
    <line>
      <![CDATA[After finding the item: By.xpath: //span[@id='ajax_running']]]>
    </line>
    <line>
      <![CDATA[Before finding the item: By.xpath: //span[@id='ajax_running']]]>
    </line>
    <line>
      <![CDATA[After finding the item: By.xpath: //span[@id='ajax_running']]]>
    </line>
    <line>
      <![CDATA[Before finding the item: By.xpath: //span[@id='ajax_running']]]>
    </line>
    <line>
      <![CDATA[After finding the item: By.xpath: //span[@id='ajax_running']]]>
    </line>
    <line>
      <![CDATA[Before finding the item: By.xpath: //span[@id='ajax_running']]]>
    </line>
    <line>
      <![CDATA[After finding the item: By.xpath: //span[@id='ajax_running']]]>
    </line>
    <line>
      <![CDATA[Before finding the item: By.xpath: //span[@id='ajax_running']]]>
    </line>
    <line>
      <![CDATA[After finding the item: By.xpath: //span[@id='ajax_running']]]>
    </line>
    <line>
      <![CDATA[Before finding the item: By.xpath: //span[@id='ajax_running']]]>
    </line>
    <line>
      <![CDATA[After finding the item: By.xpath: //span[@id='ajax_running']]]>
    </line>
    <line>
      <![CDATA[Before finding the item: By.xpath: //span[@id='ajax_running']]]>
    </line>
    <line>
      <![CDATA[After finding the item: By.xpath: //span[@id='ajax_running']]]>
    </line>
    <line>
      <![CDATA[Before finding the item: By.xpath: //span[@id='ajax_running']]]>
    </line>
    <line>
      <![CDATA[After finding the item: By.xpath: //span[@id='ajax_running']]]>
    </line>
    <line>
      <![CDATA[Before finding the item: By.xpath: //span[@id='ajax_running']]]>
    </line>
    <line>
      <![CDATA[After finding the item: By.xpath: //span[@id='ajax_running']]]>
    </line>
    <line>
      <![CDATA[Before finding the item: By.xpath: //span[@id='ajax_running']]]>
    </line>
    <line>
      <![CDATA[After finding the item: By.xpath: //span[@id='ajax_running']]]>
    </line>
    <line>
      <![CDATA[Before finding the item: By.xpath: //span[@id='ajax_running']]]>
    </line>
    <line>
      <![CDATA[After finding the item: By.xpath: //span[@id='ajax_running']]]>
    </line>
    <line>
      <![CDATA[Before finding the item: By.xpath: //span[@id='ajax_running']]]>
    </line>
    <line>
      <![CDATA[After finding the item: By.xpath: //span[@id='ajax_running']]]>
    </line>
    <line>
      <![CDATA[Before finding the item: By.xpath: //span[@id='ajax_running']]]>
    </line>
    <line>
      <![CDATA[After finding the item: By.xpath: //span[@id='ajax_running']]]>
    </line>
    <line>
      <![CDATA[Before finding the item: By.xpath: //span[@id='ajax_running']]]>
    </line>
    <line>
      <![CDATA[After finding the item: By.xpath: //span[@id='ajax_running']]]>
    </line>
    <line>
      <![CDATA[Before finding the item: By.xpath: //span[@id='ajax_running']]]>
    </line>
    <line>
      <![CDATA[After finding the item: By.xpath: //span[@id='ajax_running']]]>
    </line>
    <line>
      <![CDATA[Before finding the item: By.xpath: //span[@id='ajax_running']]]>
    </line>
    <line>
      <![CDATA[After finding the item: By.xpath: //span[@id='ajax_running']]]>
    </line>
    <line>
      <![CDATA[Before finding the item: By.xpath: //span[@id='ajax_running']]]>
    </line>
    <line>
      <![CDATA[After finding the item: By.xpath: //span[@id='ajax_running']]]>
    </line>
    <line>
      <![CDATA[Before finding the item: By.xpath: //span[@id='ajax_running']]]>
    </line>
    <line>
      <![CDATA[After finding the item: By.xpath: //span[@id='ajax_running']]]>
    </line>
    <line>
      <![CDATA[Before finding the item: By.xpath: //span[@id='ajax_running']]]>
    </line>
    <line>
      <![CDATA[After finding the item: By.xpath: //span[@id='ajax_running']]]>
    </line>
    <line>
      <![CDATA[Before finding the item: By.xpath: //span[@id='ajax_running']]]>
    </line>
    <line>
      <![CDATA[After finding the item: By.xpath: //span[@id='ajax_running']]]>
    </line>
    <line>
      <![CDATA[Before finding the item: By.xpath: //span[@id='ajax_running']]]>
    </line>
    <line>
      <![CDATA[After finding the item: By.xpath: //span[@id='ajax_running']]]>
    </line>
    <line>
      <![CDATA[Before finding the item: By.xpath: //span[@id='ajax_running']]]>
    </line>
    <line>
      <![CDATA[After finding the item: By.xpath: //span[@id='ajax_running']]]>
    </line>
    <line>
      <![CDATA[Before finding the item: By.xpath: //span[@id='ajax_running']]]>
    </line>
    <line>
      <![CDATA[After finding the item: By.xpath: //span[@id='ajax_running']]]>
    </line>
    <line>
      <![CDATA[Before finding the item: By.xpath: //span[@id='ajax_running']]]>
    </line>
    <line>
      <![CDATA[After finding the item: By.xpath: //span[@id='ajax_running']]]>
    </line>
    <line>
      <![CDATA[Before finding the item: By.xpath: //span[@id='ajax_running']]]>
    </line>
    <line>
      <![CDATA[After finding the item: By.xpath: //span[@id='ajax_running']]]>
    </line>
    <line>
      <![CDATA[Before finding the item: By.xpath: //span[@id='ajax_running']]]>
    </line>
    <line>
      <![CDATA[After finding the item: By.xpath: //span[@id='ajax_running']]]>
    </line>
    <line>
      <![CDATA[Before finding the item: By.xpath: //span[@id='ajax_running']]]>
    </line>
    <line>
      <![CDATA[After finding the item: By.xpath: //span[@id='ajax_running']]]>
    </line>
    <line>
      <![CDATA[Before finding the item: By.xpath: //span[@id='ajax_running']]]>
    </line>
    <line>
      <![CDATA[After finding the item: By.xpath: //span[@id='ajax_running']]]>
    </line>
    <line>
      <![CDATA[Before finding the item: By.xpath: //li[@id='subtab-AdminCatalog']/a]]>
    </line>
    <line>
      <![CDATA[After finding the item: By.xpath: //li[@id='subtab-AdminCatalog']/a]]>
    </line>
    <line>
      <![CDATA[Hover cursor over the directory.]]>
    </line>
    <line>
      <![CDATA[Before finding the item: By.xpath: //li[@id='subtab-AdminProducts']/a]]>
    </line>
    <line>
      <![CDATA[After finding the item: By.xpath: //li[@id='subtab-AdminProducts']/a]]>
    </line>
    <line>
      <![CDATA[Before finding the item: By.xpath: //li[@id='subtab-AdminProducts']/a]]>
    </line>
    <line>
      <![CDATA[After finding the item: By.xpath: //li[@id='subtab-AdminProducts']/a]]>
    </line>
    <line>
      <![CDATA[Select section goods.]]>
    </line>
    <line>
      <![CDATA[Before finding the item: By.xpath: //a[@id='page-header-desc-configuration-add']]]>
    </line>
    <line>
      <![CDATA[After finding the item: By.xpath: //a[@id='page-header-desc-configuration-add']]]>
    </line>
    <line>
      <![CDATA[Before finding the item: By.xpath: //a[@id='page-header-desc-configuration-add']]]>
    </line>
    <line>
      <![CDATA[After finding the item: By.xpath: //a[@id='page-header-desc-configuration-add']]]>
    </line>
    <line>
      <![CDATA[Before finding the item: By.xpath: //a[@id='page-header-desc-configuration-add']]]>
    </line>
    <line>
      <![CDATA[After finding the item: By.xpath: //a[@id='page-header-desc-configuration-add']]]>
    </line>
    <line>
      <![CDATA[Before finding the item: By.xpath: //a[@id='page-header-desc-configuration-add']]]>
    </line>
    <line>
      <![CDATA[After finding the item: By.xpath: //a[@id='page-header-desc-configuration-add']]]>
    </line>
    <line>
      <![CDATA[Before finding the item: By.xpath: //a[@id='page-header-desc-configuration-add']]]>
    </line>
    <line>
      <![CDATA[After finding the item: By.xpath: //a[@id='page-header-desc-configuration-add']]]>
    </line>
    <line>
      <![CDATA[Before finding the item: By.xpath: //a[@id='page-header-desc-configuration-add']]]>
    </line>
    <line>
      <![CDATA[After finding the item: By.xpath: //a[@id='page-header-desc-configuration-add']]]>
    </line>
    <line>
      <![CDATA[Before finding the item: By.xpath: //a[@id='page-header-desc-configuration-add']]]>
    </line>
    <line>
      <![CDATA[After finding the item: By.xpath: //a[@id='page-header-desc-configuration-add']]]>
    </line>
    <line>
      <![CDATA[Before finding the item: By.xpath: //a[@id='page-header-desc-configuration-add']]]>
    </line>
    <line>
      <![CDATA[After finding the item: By.xpath: //a[@id='page-header-desc-configuration-add']]]>
    </line>
    <line>
      <![CDATA[Before finding the item: By.xpath: //a[@id='page-header-desc-configuration-add']]]>
    </line>
    <line>
      <![CDATA[After finding the item: By.xpath: //a[@id='page-header-desc-configuration-add']]]>
    </line>
    <line>
      <![CDATA[Click on the button to create a new product.]]>
    </line>
    <line>
      <![CDATA[Before clicking on an item: [[EdgeDriver: MicrosoftEdge on WINDOWS (F0583579-1D7A-4797-B434-9AD421EEC78A)] -> xpath: //a[@id='page-header-desc-configuration-add']]]]>
    </line>
    <line>
      <![CDATA[After clicking on the item: [[EdgeDriver: MicrosoftEdge on WINDOWS (F0583579-1D7A-4797-B434-9AD421EEC78A)] -> xpath: //a[@id='page-header-desc-configuration-add']]]]>
    </line>
    <line>
      <![CDATA[Before finding the item: By.xpath: //input[@id='form_step1_name_1']]]>
    </line>
    <line>
      <![CDATA[After finding the item: By.xpath: //input[@id='form_step1_name_1']]]>
    </line>
    <line>
      <![CDATA[Before finding the item: By.xpath: //input[@id='form_step1_name_1']]]>
    </line>
    <line>
      <![CDATA[After finding the item: By.xpath: //input[@id='form_step1_name_1']]]>
    </line>
    <line>
      <![CDATA[Before finding the item: By.xpath: //input[@id='form_step1_name_1']]]>
    </line>
    <line>
      <![CDATA[After finding the item: By.xpath: //input[@id='form_step1_name_1']]]>
    </line>
    <line>
      <![CDATA[Before finding the item: By.xpath: //input[@id='form_step1_name_1']]]>
    </line>
    <line>
      <![CDATA[After finding the item: By.xpath: //input[@id='form_step1_name_1']]]>
    </line>
    <line>
      <![CDATA[Before finding the item: By.xpath: //input[@id='form_step1_name_1']]]>
    </line>
    <line>
      <![CDATA[After finding the item: By.xpath: //input[@id='form_step1_name_1']]]>
    </line>
    <line>
      <![CDATA[Entering the name of the new product.]]>
    </line>
    <line>
      <![CDATA[Before finding the item: By.xpath: //input[@id='form_step1_qty_0_shortcut']]]>
    </line>
    <line>
      <![CDATA[After finding the item: By.xpath: //input[@id='form_step1_qty_0_shortcut']]]>
    </line>
    <line>
      <![CDATA[Entering the quantity of a new product.]]>
    </line>
    <line>
      <![CDATA[Before finding the item: By.xpath: //input[@id='form_step1_price_shortcut']]]>
    </line>
    <line>
      <![CDATA[After finding the item: By.xpath: //input[@id='form_step1_price_shortcut']]]>
    </line>
    <line>
      <![CDATA[Field clearing.]]>
    </line>
    <line>
      <![CDATA[New product price entry.]]>
    </line>
    <line>
      <![CDATA[Before finding the item: By.xpath: //div[@class = 'col-lg-5']/div]]>
    </line>
    <line>
      <![CDATA[After finding the item: By.xpath: //div[@class = 'col-lg-5']/div]]>
    </line>
    <line>
      <![CDATA[Click on the button to activate a new product.]]>
    </line>
    <line>
      <![CDATA[Before clicking on an item: [[EdgeDriver: MicrosoftEdge on WINDOWS (F0583579-1D7A-4797-B434-9AD421EEC78A)] -> xpath: //div[@class = 'col-lg-5']/div]]]>
    </line>
    <line>
      <![CDATA[After clicking on the item: [[EdgeDriver: MicrosoftEdge on WINDOWS (F0583579-1D7A-4797-B434-9AD421EEC78A)] -> xpath: //div[@class = 'col-lg-5']/div]]]>
    </line>
    <line>
      <![CDATA[Before finding the item: By.xpath: //div[@id = 'growls']//div[@class = 'growl-close']]]>
    </line>
    <line>
      <![CDATA[After finding the item: By.xpath: //div[@id = 'growls']//div[@class = 'growl-close']]]>
    </line>
    <line>
      <![CDATA[Before finding the item: By.xpath: //div[@id = 'growls']//div[@class = 'growl-close']]]>
    </line>
    <line>
      <![CDATA[After finding the item: By.xpath: //div[@id = 'growls']//div[@class = 'growl-close']]]>
    </line>
    <line>
      <![CDATA[Close notification.]]>
    </line>
    <line>
      <![CDATA[Before clicking on an item: [[EdgeDriver: MicrosoftEdge on WINDOWS (F0583579-1D7A-4797-B434-9AD421EEC78A)] -> xpath: //div[@id = 'growls']//div[@class = 'growl-close']]]]>
    </line>
    <line>
      <![CDATA[After clicking on the item: [[EdgeDriver: MicrosoftEdge on WINDOWS (F0583579-1D7A-4797-B434-9AD421EEC78A)] -> xpath: //div[@id = 'growls']//div[@class = 'growl-close']]]]>
    </line>
    <line>
      <![CDATA[Before finding the item: By.xpath: //input[@id='submit']]]>
    </line>
    <line>
      <![CDATA[After finding the item: By.xpath: //input[@id='submit']]]>
    </line>
    <line>
      <![CDATA[Click on the save new product button.]]>
    </line>
    <line>
      <![CDATA[Before clicking on an item: [[EdgeDriver: MicrosoftEdge on WINDOWS (F0583579-1D7A-4797-B434-9AD421EEC78A)] -> xpath: //input[@id='submit']]]]>
    </line>
    <line>
      <![CDATA[After clicking on the item: [[EdgeDriver: MicrosoftEdge on WINDOWS (F0583579-1D7A-4797-B434-9AD421EEC78A)] -> xpath: //input[@id='submit']]]]>
    </line>
    <line>
      <![CDATA[Before finding the item: By.xpath: //div[@id = 'growls']//div[@class = 'growl-close']]]>
    </line>
    <line>
      <![CDATA[After finding the item: By.xpath: //div[@id = 'growls']//div[@class = 'growl-close']]]>
    </line>
    <line>
      <![CDATA[Close notification.]]>
    </line>
    <line>
      <![CDATA[Before clicking on an item: [[EdgeDriver: MicrosoftEdge on WINDOWS (F0583579-1D7A-4797-B434-9AD421EEC78A)] -> xpath: //div[@id = 'growls']//div[@class = 'growl-close']]]]>
    </line>
    <line>
      <![CDATA[After clicking on the item: [[EdgeDriver: MicrosoftEdge on WINDOWS (F0583579-1D7A-4797-B434-9AD421EEC78A)] -> xpath: //div[@id = 'growls']//div[@class = 'growl-close']]]]>
    </line>
    <line>
      <![CDATA[Before moving to the page:  http://prestashop-automation.qatestlab.com.ua/]]>
    </line>
    <line>
      <![CDATA[After going to the page:  http://prestashop-automation.qatestlab.com.ua/]]>
    </line>
    <line>
      <![CDATA[Before finding the item: By.xpath: //section[@id='content']/section/a]]>
    </line>
    <line>
      <![CDATA[After finding the item: By.xpath: //section[@id='content']/section/a]]>
    </line>
    <line>
      <![CDATA[Select all products.]]>
    </line>
    <line>
      <![CDATA[Before clicking on an item: [[EdgeDriver: MicrosoftEdge on WINDOWS (F0583579-1D7A-4797-B434-9AD421EEC78A)] -> xpath: //section[@id='content']/section/a]]]>
    </line>
    <line>
      <![CDATA[After clicking on the item: [[EdgeDriver: MicrosoftEdge on WINDOWS (F0583579-1D7A-4797-B434-9AD421EEC78A)] -> xpath: //section[@id='content']/section/a]]]>
    </line>
    <line>
      <![CDATA[Before finding the item: By.linkText: Product 1511912505707]]>
    </line>
    <line>
      <![CDATA[After finding the item: By.linkText: Product 1511912505707]]>
    </line>
    <line>
      <![CDATA[Before finding the item: By.linkText: Product 1511912505707]]>
    </line>
    <line>
      <![CDATA[After finding the item: By.linkText: Product 1511912505707]]>
    </line>
    <line>
      <![CDATA[Before finding the item: By.linkText: Product 1511912505707]]>
    </line>
    <line>
      <![CDATA[After finding the item: By.linkText: Product 1511912505707]]>
    </line>
    <line>
      <![CDATA[Before finding the item: By.linkText: Product 1511912505707]]>
    </line>
    <line>
      <![CDATA[After finding the item: By.linkText: Product 1511912505707]]>
    </line>
    <line>
      <![CDATA[Before finding the item: By.linkText: Product 1511912505707]]>
    </line>
    <line>
      <![CDATA[After finding the item: By.linkText: Product 1511912505707]]>
    </line>
    <line>
      <![CDATA[Before finding the item: By.linkText: Product 1511912505707]]>
    </line>
    <line>
      <![CDATA[After finding the item: By.linkText: Product 1511912505707]]>
    </line>
    <line>
      <![CDATA[Before finding the item: By.linkText: Product 1511912505707]]>
    </line>
    <line>
      <![CDATA[After finding the item: By.linkText: Product 1511912505707]]>
    </line>
    <line>
      <![CDATA[Before finding the item: By.linkText: Product 1511912505707]]>
    </line>
    <line>
      <![CDATA[After finding the item: By.linkText: Product 1511912505707]]>
    </line>
    <line>
      <![CDATA[Before finding the item: By.linkText: Product 1511912505707]]>
    </line>
    <line>
      <![CDATA[After finding the item: By.linkText: Product 1511912505707]]>
    </line>
    <line>
      <![CDATA[Choose a new product.]]>
    </line>
    <line>
      <![CDATA[Before clicking on an item: [[EdgeDriver: MicrosoftEdge on WINDOWS (F0583579-1D7A-4797-B434-9AD421EEC78A)] -> link text: Product 1511912505707]]]>
    </line>
    <line>
      <![CDATA[After clicking on the item: [[EdgeDriver: MicrosoftEdge on WINDOWS (F0583579-1D7A-4797-B434-9AD421EEC78A)] -> link text: Product 1511912505707]]]>
    </line>
    <line>
      <![CDATA[Before finding the item: By.xpath: //h1[@class='h1']]]>
    </line>
    <line>
      <![CDATA[After finding the item: By.xpath: //h1[@class='h1']]]>
    </line>
    <line>
      <![CDATA[Before finding the item: By.xpath: //h1[@class='h1']]]>
    </line>
    <line>
      <![CDATA[After finding the item: By.xpath: //h1[@class='h1']]]>
    </line>
    <line>
      <![CDATA[Before finding the item: By.xpath: //h1[@class='h1']]]>
    </line>
    <line>
      <![CDATA[After finding the item: By.xpath: //h1[@class='h1']]]>
    </line>
    <line>
      <![CDATA[Before finding the item: By.xpath: //h1[@class='h1']]]>
    </line>
    <line>
      <![CDATA[After finding the item: By.xpath: //h1[@class='h1']]]>
    </line>
    <line>
      <![CDATA[Before finding the item: By.xpath: //h1[@class='h1']]]>
    </line>
    <line>
      <![CDATA[After finding the item: By.xpath: //h1[@class='h1']]]>
    </line>
    <line>
      <![CDATA[Before finding the item: By.xpath: //h1[@class='h1']]]>
    </line>
    <line>
      <![CDATA[After finding the item: By.xpath: //h1[@class='h1']]]>
    </line>
    <line>
      <![CDATA[Before finding the item: By.xpath: //h1[@class='h1']]]>
    </line>
    <line>
      <![CDATA[After finding the item: By.xpath: //h1[@class='h1']]]>
    </line>
    <line>
      <![CDATA[Before finding the item: By.xpath: //h1[@class='h1']]]>
    </line>
    <line>
      <![CDATA[After finding the item: By.xpath: //h1[@class='h1']]]>
    </line>
    <line>
      <![CDATA[Before finding the item: By.xpath: //span[@itemprop = 'price']]]>
    </line>
    <line>
      <![CDATA[After finding the item: By.xpath: //span[@itemprop = 'price']]]>
    </line>
    <line>
      <![CDATA[Before finding the item: By.xpath: //div[@class = 'product-quantities']/span]]>
    </line>
    <line>
      <![CDATA[After finding the item: By.xpath: //div[@class = 'product-quantities']/span]]>
    </line>
    <line>
      <![CDATA[Before moving to the page: http://prestashop-automation.qatestlab.com.ua/admin147ajyvk0/]]>
    </line>
    <line>
      <![CDATA[After going to the page: http://prestashop-automation.qatestlab.com.ua/admin147ajyvk0/]]>
    </line>
    <line>
      <![CDATA[Before finding the item: By.id: email]]>
    </line>
    <line>
      <![CDATA[After finding the item: By.id: email]]>
    </line>
    <line>
      <![CDATA[Input login.]]>
    </line>
    <line>
      <![CDATA[Before finding the item: By.id: passwd]]>
    </line>
    <line>
      <![CDATA[After finding the item: By.id: passwd]]>
    </line>
    <line>
      <![CDATA[Input password.]]>
    </line>
    <line>
      <![CDATA[Before finding the item: By.name: submitLogin]]>
    </line>
    <line>
      <![CDATA[After finding the item: By.name: submitLogin]]>
    </line>
    <line>
      <![CDATA[Click on button login.]]>
    </line>
    <line>
      <![CDATA[Before clicking on an item: [[ChromeDriver: chrome on XP (cba36db7d50a0365af63a10cae288a8e)] -> name: submitLogin]]]>
    </line>
    <line>
      <![CDATA[After clicking on the item: [[ChromeDriver: chrome on XP (cba36db7d50a0365af63a10cae288a8e)] -> name: submitLogin]]]>
    </line>
    <line>
      <![CDATA[Waiting loading.]]>
    </line>
    <line>
      <![CDATA[Before finding the item: By.xpath: //span[@id='ajax_running']]]>
    </line>
    <line>
      <![CDATA[Before finding the item: By.xpath: //span[@id='ajax_running']]]>
    </line>
    <line>
      <![CDATA[Before finding the item: By.xpath: //span[@id='ajax_running']]]>
    </line>
    <line>
      <![CDATA[Before finding the item: By.xpath: //span[@id='ajax_running']]]>
    </line>
    <line>
      <![CDATA[Before finding the item: By.xpath: //span[@id='ajax_running']]]>
    </line>
    <line>
      <![CDATA[Before finding the item: By.xpath: //span[@id='ajax_running']]]>
    </line>
    <line>
      <![CDATA[Before finding the item: By.xpath: //span[@id='ajax_running']]]>
    </line>
    <line>
      <![CDATA[Before finding the item: By.xpath: //span[@id='ajax_running']]]>
    </line>
    <line>
      <![CDATA[Before finding the item: By.xpath: //span[@id='ajax_running']]]>
    </line>
    <line>
      <![CDATA[Before finding the item: By.xpath: //span[@id='ajax_running']]]>
    </line>
    <line>
      <![CDATA[Before finding the item: By.xpath: //span[@id='ajax_running']]]>
    </line>
    <line>
      <![CDATA[Before finding the item: By.xpath: //span[@id='ajax_running']]]>
    </line>
    <line>
      <![CDATA[Before finding the item: By.xpath: //span[@id='ajax_running']]]>
    </line>
    <line>
      <![CDATA[Before finding the item: By.xpath: //span[@id='ajax_running']]]>
    </line>
    <line>
      <![CDATA[Before finding the item: By.xpath: //span[@id='ajax_running']]]>
    </line>
    <line>
      <![CDATA[Before finding the item: By.xpath: //span[@id='ajax_running']]]>
    </line>
    <line>
      <![CDATA[Before finding the item: By.xpath: //span[@id='ajax_running']]]>
    </line>
    <line>
      <![CDATA[Before finding the item: By.xpath: //span[@id='ajax_running']]]>
    </line>
    <line>
      <![CDATA[Before finding the item: By.xpath: //span[@id='ajax_running']]]>
    </line>
    <line>
      <![CDATA[After finding the item: By.xpath: //span[@id='ajax_running']]]>
    </line>
    <line>
      <![CDATA[Before finding the item: By.xpath: //span[@id='ajax_running']]]>
    </line>
    <line>
      <![CDATA[After finding the item: By.xpath: //span[@id='ajax_running']]]>
    </line>
    <line>
      <![CDATA[Before finding the item: By.xpath: //span[@id='ajax_running']]]>
    </line>
    <line>
      <![CDATA[After finding the item: By.xpath: //span[@id='ajax_running']]]>
    </line>
    <line>
      <![CDATA[Before finding the item: By.xpath: //span[@id='ajax_running']]]>
    </line>
    <line>
      <![CDATA[After finding the item: By.xpath: //span[@id='ajax_running']]]>
    </line>
    <line>
      <![CDATA[Before finding the item: By.xpath: //span[@id='ajax_running']]]>
    </line>
    <line>
      <![CDATA[After finding the item: By.xpath: //span[@id='ajax_running']]]>
    </line>
    <line>
      <![CDATA[Before finding the item: By.xpath: //span[@id='ajax_running']]]>
    </line>
    <line>
      <![CDATA[After finding the item: By.xpath: //span[@id='ajax_running']]]>
    </line>
    <line>
      <![CDATA[Before finding the item: By.xpath: //span[@id='ajax_running']]]>
    </line>
    <line>
      <![CDATA[After finding the item: By.xpath: //span[@id='ajax_running']]]>
    </line>
    <line>
      <![CDATA[Before finding the item: By.xpath: //span[@id='ajax_running']]]>
    </line>
    <line>
      <![CDATA[After finding the item: By.xpath: //span[@id='ajax_running']]]>
    </line>
    <line>
      <![CDATA[Before finding the item: By.xpath: //span[@id='ajax_running']]]>
    </line>
    <line>
      <![CDATA[After finding the item: By.xpath: //span[@id='ajax_running']]]>
    </line>
    <line>
      <![CDATA[Before finding the item: By.xpath: //span[@id='ajax_running']]]>
    </line>
    <line>
      <![CDATA[After finding the item: By.xpath: //span[@id='ajax_running']]]>
    </line>
    <line>
      <![CDATA[Before finding the item: By.xpath: //span[@id='ajax_running']]]>
    </line>
    <line>
      <![CDATA[After finding the item: By.xpath: //span[@id='ajax_running']]]>
    </line>
    <line>
      <![CDATA[Before finding the item: By.xpath: //span[@id='ajax_running']]]>
    </line>
    <line>
      <![CDATA[After finding the item: By.xpath: //span[@id='ajax_running']]]>
    </line>
    <line>
      <![CDATA[Before finding the item: By.xpath: //span[@id='ajax_running']]]>
    </line>
    <line>
      <![CDATA[After finding the item: By.xpath: //span[@id='ajax_running']]]>
    </line>
    <line>
      <![CDATA[Before finding the item: By.xpath: //span[@id='ajax_running']]]>
    </line>
    <line>
      <![CDATA[After finding the item: By.xpath: //span[@id='ajax_running']]]>
    </line>
    <line>
      <![CDATA[Before finding the item: By.xpath: //span[@id='ajax_running']]]>
    </line>
    <line>
      <![CDATA[After finding the item: By.xpath: //span[@id='ajax_running']]]>
    </line>
    <line>
      <![CDATA[Before finding the item: By.xpath: //span[@id='ajax_running']]]>
    </line>
    <line>
      <![CDATA[After finding the item: By.xpath: //span[@id='ajax_running']]]>
    </line>
    <line>
      <![CDATA[Before finding the item: By.xpath: //span[@id='ajax_running']]]>
    </line>
    <line>
      <![CDATA[After finding the item: By.xpath: //span[@id='ajax_running']]]>
    </line>
    <line>
      <![CDATA[Before finding the item: By.xpath: //span[@id='ajax_running']]]>
    </line>
    <line>
      <![CDATA[After finding the item: By.xpath: //span[@id='ajax_running']]]>
    </line>
    <line>
      <![CDATA[Before finding the item: By.xpath: //span[@id='ajax_running']]]>
    </line>
    <line>
      <![CDATA[After finding the item: By.xpath: //span[@id='ajax_running']]]>
    </line>
    <line>
      <![CDATA[Before finding the item: By.xpath: //span[@id='ajax_running']]]>
    </line>
    <line>
      <![CDATA[After finding the item: By.xpath: //span[@id='ajax_running']]]>
    </line>
    <line>
      <![CDATA[Before finding the item: By.xpath: //span[@id='ajax_running']]]>
    </line>
    <line>
      <![CDATA[After finding the item: By.xpath: //span[@id='ajax_running']]]>
    </line>
    <line>
      <![CDATA[Before finding the item: By.xpath: //span[@id='ajax_running']]]>
    </line>
    <line>
      <![CDATA[After finding the item: By.xpath: //span[@id='ajax_running']]]>
    </line>
    <line>
      <![CDATA[Before finding the item: By.xpath: //li[@id='subtab-AdminCatalog']/a]]>
    </line>
    <line>
      <![CDATA[After finding the item: By.xpath: //li[@id='subtab-AdminCatalog']/a]]>
    </line>
    <line>
      <![CDATA[Hover cursor over the directory.]]>
    </line>
    <line>
      <![CDATA[Before finding the item: By.xpath: //li[@id='subtab-AdminProducts']/a]]>
    </line>
    <line>
      <![CDATA[After finding the item: By.xpath: //li[@id='subtab-AdminProducts']/a]]>
    </line>
    <line>
      <![CDATA[Select section goods.]]>
    </line>
    <line>
      <![CDATA[Before finding the item: By.xpath: //a[@id='page-header-desc-configuration-add']]]>
    </line>
    <line>
      <![CDATA[After finding the item: By.xpath: //a[@id='page-header-desc-configuration-add']]]>
    </line>
    <line>
      <![CDATA[Click on the button to create a new product.]]>
    </line>
    <line>
      <![CDATA[Before clicking on an item: [[ChromeDriver: chrome on XP (cba36db7d50a0365af63a10cae288a8e)] -> xpath: //a[@id='page-header-desc-configuration-add']]]]>
    </line>
    <line>
      <![CDATA[After clicking on the item: [[ChromeDriver: chrome on XP (cba36db7d50a0365af63a10cae288a8e)] -> xpath: //a[@id='page-header-desc-configuration-add']]]]>
    </line>
    <line>
      <![CDATA[Before finding the item: By.xpath: //input[@id='form_step1_name_1']]]>
    </line>
    <line>
      <![CDATA[After finding the item: By.xpath: //input[@id='form_step1_name_1']]]>
    </line>
    <line>
      <![CDATA[Entering the name of the new product.]]>
    </line>
    <line>
      <![CDATA[Before finding the item: By.xpath: //input[@id='form_step1_qty_0_shortcut']]]>
    </line>
    <line>
      <![CDATA[After finding the item: By.xpath: //input[@id='form_step1_qty_0_shortcut']]]>
    </line>
    <line>
      <![CDATA[Entering the quantity of a new product.]]>
    </line>
    <line>
      <![CDATA[Before finding the item: By.xpath: //input[@id='form_step1_price_shortcut']]]>
    </line>
    <line>
      <![CDATA[After finding the item: By.xpath: //input[@id='form_step1_price_shortcut']]]>
    </line>
    <line>
      <![CDATA[Field clearing.]]>
    </line>
    <line>
      <![CDATA[New product price entry.]]>
    </line>
    <line>
      <![CDATA[Before finding the item: By.xpath: //div[@class = 'col-lg-5']/div]]>
    </line>
    <line>
      <![CDATA[After finding the item: By.xpath: //div[@class = 'col-lg-5']/div]]>
    </line>
    <line>
      <![CDATA[Click on the button to activate a new product.]]>
    </line>
    <line>
      <![CDATA[Before clicking on an item: [[ChromeDriver: chrome on XP (cba36db7d50a0365af63a10cae288a8e)] -> xpath: //div[@class = 'col-lg-5']/div]]]>
    </line>
    <line>
      <![CDATA[After clicking on the item: [[ChromeDriver: chrome on XP (cba36db7d50a0365af63a10cae288a8e)] -> xpath: //div[@class = 'col-lg-5']/div]]]>
    </line>
    <line>
      <![CDATA[Before finding the item: By.xpath: //div[@id = 'growls']//div[@class = 'growl-close']]]>
    </line>
    <line>
      <![CDATA[After finding the item: By.xpath: //div[@id = 'growls']//div[@class = 'growl-close']]]>
    </line>
    <line>
      <![CDATA[Before finding the item: By.xpath: //div[@id = 'growls']//div[@class = 'growl-close']]]>
    </line>
    <line>
      <![CDATA[After finding the item: By.xpath: //div[@id = 'growls']//div[@class = 'growl-close']]]>
    </line>
    <line>
      <![CDATA[Close notification.]]>
    </line>
    <line>
      <![CDATA[Before clicking on an item: [[ChromeDriver: chrome on XP (cba36db7d50a0365af63a10cae288a8e)] -> xpath: //div[@id = 'growls']//div[@class = 'growl-close']]]]>
    </line>
    <line>
      <![CDATA[After clicking on the item: [[ChromeDriver: chrome on XP (cba36db7d50a0365af63a10cae288a8e)] -> xpath: //div[@id = 'growls']//div[@class = 'growl-close']]]]>
    </line>
    <line>
      <![CDATA[Before finding the item: By.xpath: //input[@id='submit']]]>
    </line>
    <line>
      <![CDATA[After finding the item: By.xpath: //input[@id='submit']]]>
    </line>
    <line>
      <![CDATA[Click on the save new product button.]]>
    </line>
    <line>
      <![CDATA[Before clicking on an item: [[ChromeDriver: chrome on XP (cba36db7d50a0365af63a10cae288a8e)] -> xpath: //input[@id='submit']]]]>
    </line>
    <line>
      <![CDATA[After clicking on the item: [[ChromeDriver: chrome on XP (cba36db7d50a0365af63a10cae288a8e)] -> xpath: //input[@id='submit']]]]>
    </line>
    <line>
      <![CDATA[Before finding the item: By.xpath: //div[@id = 'growls']//div[@class = 'growl-close']]]>
    </line>
    <line>
      <![CDATA[After finding the item: By.xpath: //div[@id = 'growls']//div[@class = 'growl-close']]]>
    </line>
    <line>
      <![CDATA[Close notification.]]>
    </line>
    <line>
      <![CDATA[Before clicking on an item: [[ChromeDriver: chrome on XP (cba36db7d50a0365af63a10cae288a8e)] -> xpath: //div[@id = 'growls']//div[@class = 'growl-close']]]]>
    </line>
    <line>
      <![CDATA[After clicking on the item: [[ChromeDriver: chrome on XP (cba36db7d50a0365af63a10cae288a8e)] -> xpath: //div[@id = 'growls']//div[@class = 'growl-close']]]]>
    </line>
    <line>
      <![CDATA[Before moving to the page:  http://prestashop-automation.qatestlab.com.ua/]]>
    </line>
    <line>
      <![CDATA[After going to the page:  http://prestashop-automation.qatestlab.com.ua/]]>
    </line>
    <line>
      <![CDATA[Before finding the item: By.xpath: //section[@id='content']/section/a]]>
    </line>
    <line>
      <![CDATA[After finding the item: By.xpath: //section[@id='content']/section/a]]>
    </line>
    <line>
      <![CDATA[Select all products.]]>
    </line>
    <line>
      <![CDATA[Before clicking on an item: [[ChromeDriver: chrome on XP (cba36db7d50a0365af63a10cae288a8e)] -> xpath: //section[@id='content']/section/a]]]>
    </line>
    <line>
      <![CDATA[After clicking on the item: [[ChromeDriver: chrome on XP (cba36db7d50a0365af63a10cae288a8e)] -> xpath: //section[@id='content']/section/a]]]>
    </line>
    <line>
      <![CDATA[Before finding the item: By.linkText: Product 1511912542906]]>
    </line>
    <line>
      <![CDATA[After finding the item: By.linkText: Product 1511912542906]]>
    </line>
    <line>
      <![CDATA[Before finding the item: By.linkText: Product 1511912542906]]>
    </line>
[...]
            <line>
              <![CDATA[Before finding the item: By.xpath: //span[@id='ajax_running']]]>
            </line>
            <line>
              <![CDATA[Before finding the item: By.xpath: //span[@id='ajax_running']]]>
            </line>
            <line>
              <![CDATA[Before finding the item: By.xpath: //span[@id='ajax_running']]]>
            </line>
            <line>
              <![CDATA[Before finding the item: By.xpath: //span[@id='ajax_running']]]>
            </line>
            <line>
              <![CDATA[Before finding the item: By.xpath: //span[@id='ajax_running']]]>
            </line>
            <line>
              <![CDATA[Before finding the item: By.xpath: //span[@id='ajax_running']]]>
            </line>
            <line>
              <![CDATA[Before finding the item: By.xpath: //span[@id='ajax_running']]]>
            </line>
            <line>
              <![CDATA[Before finding the item: By.xpath: //span[@id='ajax_running']]]>
            </line>
            <line>
              <![CDATA[After finding the item: By.xpath: //span[@id='ajax_running']]]>
            </line>
            <line>
              <![CDATA[Before finding the item: By.xpath: //span[@id='ajax_running']]]>
            </line>
            <line>
              <![CDATA[After finding the item: By.xpath: //span[@id='ajax_running']]]>
            </line>
            <line>
              <![CDATA[Before finding the item: By.xpath: //span[@id='ajax_running']]]>
            </line>
            <line>
              <![CDATA[After finding the item: By.xpath: //span[@id='ajax_running']]]>
            </line>
            <line>
              <![CDATA[Before finding the item: By.xpath: //span[@id='ajax_running']]]>
            </line>
            <line>
              <![CDATA[After finding the item: By.xpath: //span[@id='ajax_running']]]>
            </line>
            <line>
              <![CDATA[Before finding the item: By.xpath: //span[@id='ajax_running']]]>
            </line>
            <line>
              <![CDATA[After finding the item: By.xpath: //span[@id='ajax_running']]]>
            </line>
            <line>
              <![CDATA[Before finding the item: By.xpath: //span[@id='ajax_running']]]>
            </line>
            <line>
              <![CDATA[After finding the item: By.xpath: //span[@id='ajax_running']]]>
            </line>
            <line>
              <![CDATA[Before finding the item: By.xpath: //span[@id='ajax_running']]]>
            </line>
            <line>
              <![CDATA[After finding the item: By.xpath: //span[@id='ajax_running']]]>
            </line>
            <line>
              <![CDATA[Before finding the item: By.xpath: //span[@id='ajax_running']]]>
            </line>
            <line>
              <![CDATA[After finding the item: By.xpath: //span[@id='ajax_running']]]>
            </line>
            <line>
              <![CDATA[Before finding the item: By.xpath: //span[@id='ajax_running']]]>
            </line>
            <line>
              <![CDATA[After finding the item: By.xpath: //span[@id='ajax_running']]]>
            </line>
            <line>
              <![CDATA[Before finding the item: By.xpath: //span[@id='ajax_running']]]>
            </line>
            <line>
              <![CDATA[After finding the item: By.xpath: //span[@id='ajax_running']]]>
            </line>
            <line>
              <![CDATA[Before finding the item: By.xpath: //span[@id='ajax_running']]]>
            </line>
            <line>
              <![CDATA[After finding the item: By.xpath: //span[@id='ajax_running']]]>
            </line>
            <line>
              <![CDATA[Before finding the item: By.xpath: //span[@id='ajax_running']]]>
            </line>
            <line>
              <![CDATA[After finding the item: By.xpath: //span[@id='ajax_running']]]>
            </line>
            <line>
              <![CDATA[Before finding the item: By.xpath: //span[@id='ajax_running']]]>
            </line>
            <line>
              <![CDATA[After finding the item: By.xpath: //span[@id='ajax_running']]]>
            </line>
            <line>
              <![CDATA[Before finding the item: By.xpath: //span[@id='ajax_running']]]>
            </line>
            <line>
              <![CDATA[After finding the item: By.xpath: //span[@id='ajax_running']]]>
            </line>
            <line>
              <![CDATA[Before finding the item: By.xpath: //span[@id='ajax_running']]]>
            </line>
            <line>
              <![CDATA[After finding the item: By.xpath: //span[@id='ajax_running']]]>
            </line>
            <line>
              <![CDATA[Before finding the item: By.xpath: //span[@id='ajax_running']]]>
            </line>
            <line>
              <![CDATA[After finding the item: By.xpath: //span[@id='ajax_running']]]>
            </line>
            <line>
              <![CDATA[Before finding the item: By.xpath: //span[@id='ajax_running']]]>
            </line>
            <line>
              <![CDATA[After finding the item: By.xpath: //span[@id='ajax_running']]]>
            </line>
            <line>
              <![CDATA[Before finding the item: By.xpath: //span[@id='ajax_running']]]>
            </line>
            <line>
              <![CDATA[After finding the item: By.xpath: //span[@id='ajax_running']]]>
            </line>
            <line>
              <![CDATA[Before finding the item: By.xpath: //span[@id='ajax_running']]]>
            </line>
            <line>
              <![CDATA[After finding the item: By.xpath: //span[@id='ajax_running']]]>
            </line>
            <line>
              <![CDATA[Before finding the item: By.xpath: //li[@id='subtab-AdminCatalog']/a]]>
            </line>
            <line>
              <![CDATA[After finding the item: By.xpath: //li[@id='subtab-AdminCatalog']/a]]>
            </line>
            <line>
              <![CDATA[Hover cursor over the directory.]]>
            </line>
            <line>
              <![CDATA[Before finding the item: By.xpath: //li[@id='subtab-AdminProducts']/a]]>
            </line>
            <line>
              <![CDATA[After finding the item: By.xpath: //li[@id='subtab-AdminProducts']/a]]>
            </line>
            <line>
              <![CDATA[Select section goods.]]>
            </line>
          </reporter-output>
        </test-method> <!-- katalogProducts -->
        <test-method status="PASS" signature="makeNewProduct()[pri:0, instance:Test.QATestLab4.Script@343f4d3d]" name="makeNewProduct" duration-ms="6724" started-at="2017-11-29T01:42:48Z" depends-on-methods="Test.QATestLab4.Script.katalogProducts" finished-at="2017-11-29T01:42:54Z">
          <reporter-output>
            <line>
              <![CDATA[Before finding the item: By.xpath: //a[@id='page-header-desc-configuration-add']]]>
            </line>
            <line>
              <![CDATA[After finding the item: By.xpath: //a[@id='page-header-desc-configuration-add']]]>
            </line>
            <line>
              <![CDATA[Before finding the item: By.xpath: //a[@id='page-header-desc-configuration-add']]]>
            </line>
            <line>
              <![CDATA[After finding the item: By.xpath: //a[@id='page-header-desc-configuration-add']]]>
            </line>
            <line>
              <![CDATA[Before finding the item: By.xpath: //a[@id='page-header-desc-configuration-add']]]>
            </line>
            <line>
              <![CDATA[After finding the item: By.xpath: //a[@id='page-header-desc-configuration-add']]]>
            </line>
            <line>
              <![CDATA[Before finding the item: By.xpath: //a[@id='page-header-desc-configuration-add']]]>
            </line>
            <line>
              <![CDATA[After finding the item: By.xpath: //a[@id='page-header-desc-configuration-add']]]>
            </line>
            <line>
              <![CDATA[Before finding the item: By.xpath: //a[@id='page-header-desc-configuration-add']]]>
            </line>
            <line>
              <![CDATA[After finding the item: By.xpath: //a[@id='page-header-desc-configuration-add']]]>
            </line>
            <line>
              <![CDATA[Click on the button to create a new product.]]>
            </line>
            <line>
              <![CDATA[Before clicking on an item: [[FirefoxDriver: firefox on XP (a6862003-209f-45d3-9360-7cdad73d7fb2)] -> xpath: //a[@id='page-header-desc-configuration-add']]]]>
            </line>
            <line>
              <![CDATA[After clicking on the item: [[FirefoxDriver: firefox on XP (a6862003-209f-45d3-9360-7cdad73d7fb2)] -> xpath: //a[@id='page-header-desc-configuration-add']]]]>
            </line>
          </reporter-output>
        </test-method> <!-- makeNewProduct -->
        <test-method status="PASS" signature="propertiesNewProduct()[pri:0, instance:Test.QATestLab4.Script@343f4d3d]" name="propertiesNewProduct" duration-ms="374" started-at="2017-11-29T01:42:54Z" depends-on-methods="Test.QATestLab4.Script.makeNewProduct" finished-at="2017-11-29T01:42:55Z">
          <reporter-output>
            <line>
              <![CDATA[Before finding the item: By.xpath: //input[@id='form_step1_name_1']]]>
            </line>
            <line>
              <![CDATA[After finding the item: By.xpath: //input[@id='form_step1_name_1']]]>
            </line>
            <line>
              <![CDATA[Entering the name of the new product.]]>
            </line>
            <line>
              <![CDATA[Before finding the item: By.xpath: //input[@id='form_step1_qty_0_shortcut']]]>
            </line>
            <line>
              <![CDATA[After finding the item: By.xpath: //input[@id='form_step1_qty_0_shortcut']]]>
            </line>
            <line>
              <![CDATA[Entering the quantity of a new product.]]>
            </line>
            <line>
              <![CDATA[Before finding the item: By.xpath: //input[@id='form_step1_price_shortcut']]]>
            </line>
            <line>
              <![CDATA[After finding the item: By.xpath: //input[@id='form_step1_price_shortcut']]]>
            </line>
            <line>
              <![CDATA[Field clearing.]]>
            </line>
            <line>
              <![CDATA[New product price entry.]]>
            </line>
          </reporter-output>
        </test-method> <!-- propertiesNewProduct -->
        <test-method status="PASS" signature="activationAndSave()[pri:0, instance:Test.QATestLab4.Script@343f4d3d]" name="activationAndSave" duration-ms="2065" started-at="2017-11-29T01:42:55Z" depends-on-methods="Test.QATestLab4.Script.propertiesNewProduct" finished-at="2017-11-29T01:42:57Z">
          <reporter-output>
            <line>
              <![CDATA[Before finding the item: By.xpath: //div[@class = 'col-lg-5']/div]]>
            </line>
            <line>
              <![CDATA[After finding the item: By.xpath: //div[@class = 'col-lg-5']/div]]>
            </line>
            <line>
              <![CDATA[Click on the button to activate a new product.]]>
            </line>
            <line>
              <![CDATA[Before clicking on an item: [[FirefoxDriver: firefox on XP (a6862003-209f-45d3-9360-7cdad73d7fb2)] -> xpath: //div[@class = 'col-lg-5']/div]]]>
            </line>
            <line>
              <![CDATA[After clicking on the item: [[FirefoxDriver: firefox on XP (a6862003-209f-45d3-9360-7cdad73d7fb2)] -> xpath: //div[@class = 'col-lg-5']/div]]]>
            </line>
            <line>
              <![CDATA[Before finding the item: By.xpath: //div[@id = 'growls']//div[@class = 'growl-close']]]>
            </line>
            <line>
              <![CDATA[After finding the item: By.xpath: //div[@id = 'growls']//div[@class = 'growl-close']]]>
            </line>
            <line>
              <![CDATA[Before finding the item: By.xpath: //div[@id = 'growls']//div[@class = 'growl-close']]]>
            </line>
            <line>
              <![CDATA[After finding the item: By.xpath: //div[@id = 'growls']//div[@class = 'growl-close']]]>
            </line>
            <line>
              <![CDATA[Close notification.]]>
            </line>
            <line>
              <![CDATA[Before clicking on an item: [[FirefoxDriver: firefox on XP (a6862003-209f-45d3-9360-7cdad73d7fb2)] -> xpath: //div[@id = 'growls']//div[@class = 'growl-close']]]]>
            </line>
            <line>
              <![CDATA[After clicking on the item: [[FirefoxDriver: firefox on XP (a6862003-209f-45d3-9360-7cdad73d7fb2)] -> xpath: //div[@id = 'growls']//div[@class = 'growl-close']]]]>
            </line>
            <line>
              <![CDATA[Before finding the item: By.xpath: //input[@id='submit']]]>
            </line>
            <line>
              <![CDATA[After finding the item: By.xpath: //input[@id='submit']]]>
            </line>
            <line>
              <![CDATA[Click on the save new product button.]]>
            </line>
            <line>
              <![CDATA[Before clicking on an item: [[FirefoxDriver: firefox on XP (a6862003-209f-45d3-9360-7cdad73d7fb2)] -> xpath: //input[@id='submit']]]]>
            </line>
            <line>
              <![CDATA[After clicking on the item: [[FirefoxDriver: firefox on XP (a6862003-209f-45d3-9360-7cdad73d7fb2)] -> xpath: //input[@id='submit']]]]>
            </line>
            <line>
              <![CDATA[Before finding the item: By.xpath: //div[@id = 'growls']//div[@class = 'growl-close']]]>
            </line>
            <line>
              <![CDATA[After finding the item: By.xpath: //div[@id = 'growls']//div[@class = 'growl-close']]]>
            </line>
            <line>
              <![CDATA[Before finding the item: By.xpath: //div[@id = 'growls']//div[@class = 'growl-close']]]>
            </line>
            <line>
              <![CDATA[After finding the item: By.xpath: //div[@id = 'growls']//div[@class = 'growl-close']]]>
            </line>
            <line>
              <![CDATA[Close notification.]]>
            </line>
            <line>
              <![CDATA[Before clicking on an item: [[FirefoxDriver: firefox on XP (a6862003-209f-45d3-9360-7cdad73d7fb2)] -> xpath: //div[@id = 'growls']//div[@class = 'growl-close']]]]>
            </line>
            <line>
              <![CDATA[After clicking on the item: [[FirefoxDriver: firefox on XP (a6862003-209f-45d3-9360-7cdad73d7fb2)] -> xpath: //div[@id = 'growls']//div[@class = 'growl-close']]]]>
            </line>
          </reporter-output>
        </test-method> <!-- activationAndSave -->
        <test-method status="PASS" signature="goToMainPage()[pri:0, instance:Test.QATestLab4.Script@343f4d3d]" name="goToMainPage" duration-ms="6779" started-at="2017-11-29T01:42:57Z" depends-on-methods="Test.QATestLab4.Script.activationAndSave" finished-at="2017-11-29T01:43:04Z">
          <reporter-output>
            <line>
              <![CDATA[Before moving to the page:  http://prestashop-automation.qatestlab.com.ua/]]>
            </line>
            <line>
              <![CDATA[After going to the page:  http://prestashop-automation.qatestlab.com.ua/]]>
            </line>
            <line>
              <![CDATA[Before finding the item: By.xpath: //section[@id='content']/section/a]]>
            </line>
            <line>
              <![CDATA[After finding the item: By.xpath: //section[@id='content']/section/a]]>
            </line>
            <line>
              <![CDATA[Select all products.]]>
            </line>
            <line>
              <![CDATA[Before clicking on an item: [[FirefoxDriver: firefox on XP (a6862003-209f-45d3-9360-7cdad73d7fb2)] -> xpath: //section[@id='content']/section/a]]]>
            </line>
            <line>
              <![CDATA[After clicking on the item: [[FirefoxDriver: firefox on XP (a6862003-209f-45d3-9360-7cdad73d7fb2)] -> xpath: //section[@id='content']/section/a]]]>
            </line>
            <line>
              <![CDATA[Before finding the item: By.linkText: Product 1511912575021]]>
            </line>
            <line>
              <![CDATA[After finding the item: By.linkText: Product 1511912575021]]>
            </line>
            <line>
              <![CDATA[Before finding the item: By.linkText: Product 1511912575021]]>
            </line>
            <line>
              <![CDATA[After finding the item: By.linkText: Product 1511912575021]]>
            </line>
            <line>
              <![CDATA[Before finding the item: By.linkText: Product 1511912575021]]>
            </line>
            <line>
              <![CDATA[After finding the item: By.linkText: Product 1511912575021]]>
            </line>
            <line>
              <![CDATA[Before finding the item: By.linkText: Product 1511912575021]]>
            </line>
            <line>
              <![CDATA[After finding the item: By.linkText: Product 1511912575021]]>
            </line>
            <line>
              <![CDATA[Before finding the item: By.linkText: Product 1511912575021]]>
            </line>
            <line>
              <![CDATA[After finding the item: By.linkText: Product 1511912575021]]>
            </line>
            <line>
              <![CDATA[Before finding the item: By.linkText: Product 1511912575021]]>
            </line>
            <line>
              <![CDATA[After finding the item: By.linkText: Product 1511912575021]]>
            </line>
            <line>
              <![CDATA[Before finding the item: By.linkText: Product 1511912575021]]>
            </line>
            <line>
              <![CDATA[After finding the item: By.linkText: Product 1511912575021]]>
            </line>
            <line>
              <![CDATA[Choose a new product.]]>
            </line>
            <line>
              <![CDATA[Before clicking on an item: [[FirefoxDriver: firefox on XP (a6862003-209f-45d3-9360-7cdad73d7fb2)] -> link text: Product 1511912575021]]]>
            </line>
            <line>
              <![CDATA[After clicking on the item: [[FirefoxDriver: firefox on XP (a6862003-209f-45d3-9360-7cdad73d7fb2)] -> link text: Product 1511912575021]]]>
            </line>
          </reporter-output>
        </test-method> <!-- goToMainPage -->
        <test-method status="PASS" signature="testProduct()[pri:0, instance:Test.QATestLab4.Script@343f4d3d]" name="testProduct" duration-ms="189" started-at="2017-11-29T01:43:04Z" depends-on-methods="Test.QATestLab4.Script.goToMainPage" finished-at="2017-11-29T01:43:04Z">
          <reporter-output>
            <line>
              <![CDATA[Before finding the item: By.xpath: //h1[@class='h1']]]>
            </line>
            <line>
              <![CDATA[After finding the item: By.xpath: //h1[@class='h1']]]>
            </line>
            <line>
              <![CDATA[Before finding the item: By.xpath: //span[@itemprop = 'price']]]>
            </line>
            <line>
              <![CDATA[After finding the item: By.xpath: //span[@itemprop = 'price']]]>
            </line>
            <line>
              <![CDATA[Before finding the item: By.xpath: //div[@class = 'product-quantities']/span]]>
            </line>
            <line>
              <![CDATA[After finding the item: By.xpath: //div[@class = 'product-quantities']/span]]>
            </line>
          </reporter-output>
        </test-method> <!-- testProduct -->
        <test-method status="PASS" signature="closeBrowser()[pri:0, instance:Test.QATestLab4.Script@343f4d3d]" name="closeBrowser" is-config="true" duration-ms="564" started-at="2017-11-29T01:43:04Z" finished-at="2017-11-29T01:43:04Z">
          <reporter-output>
          </reporter-output>
        </test-method> <!-- closeBrowser -->
      </class> <!-- Test.QATestLab4.Script -->
    </test> <!-- ScriptFirefox -->
  </suite> <!-- TestSuite -->
</testng-results>
